{"D:\\aProyectos\\Portafolio\\Proyectos 2024\\cashtracker\\backend\\src\\config\\nodemailer.ts": {"path":"D:\\aProyectos\\Portafolio\\Proyectos 2024\\cashtracker\\backend\\src\\config\\nodemailer.ts","statementMap":{"0":{"start":{"line":1,"column":0},"end":{"line":1,"column":36}},"1":{"start":{"line":2,"column":0},"end":{"line":2,"column":28}},"2":{"start":{"line":3,"column":0},"end":{"line":3,"column":16}},"3":{"start":{"line":5,"column":15},"end":{"line":14,"column":1}},"4":{"start":{"line":6,"column":2},"end":{"line":13,"column":4}},"5":{"start":{"line":16,"column":13},"end":{"line":16,"column":62}}},"fnMap":{"0":{"name":"(anonymous_1)","decl":{"start":{"line":5,"column":15},"end":{"line":5,"column":18}},"loc":{"start":{"line":5,"column":20},"end":{"line":14,"column":1}}}},"branchMap":{},"s":{"0":1,"1":1,"2":1,"3":1,"4":1,"5":1},"f":{"0":1},"b":{}}
,"D:\\aProyectos\\Portafolio\\Proyectos 2024\\cashtracker\\backend\\src\\controllers\\AuthControllers.ts": {"path":"D:\\aProyectos\\Portafolio\\Proyectos 2024\\cashtracker\\backend\\src\\controllers\\AuthControllers.ts","statementMap":{"0":{"start":{"line":2,"column":0},"end":{"line":2,"column":47}},"1":{"start":{"line":3,"column":0},"end":{"line":3,"column":34}},"2":{"start":{"line":4,"column":0},"end":{"line":4,"column":60}},"3":{"start":{"line":5,"column":0},"end":{"line":5,"column":43}},"4":{"start":{"line":6,"column":0},"end":{"line":6,"column":47}},"5":{"start":{"line":9,"column":25},"end":{"line":46,"column":3}},"6":{"start":{"line":10,"column":32},"end":{"line":10,"column":40}},"7":{"start":{"line":12,"column":23},"end":{"line":16,"column":6}},"8":{"start":{"line":18,"column":4},"end":{"line":21,"column":5}},"9":{"start":{"line":19,"column":6},"end":{"line":19,"column":62}},"10":{"start":{"line":20,"column":6},"end":{"line":20,"column":13}},"11":{"start":{"line":23,"column":4},"end":{"line":45,"column":5}},"12":{"start":{"line":24,"column":19},"end":{"line":24,"column":46}},"13":{"start":{"line":25,"column":6},"end":{"line":25,"column":51}},"14":{"start":{"line":26,"column":6},"end":{"line":26,"column":35}},"15":{"start":{"line":27,"column":6},"end":{"line":27,"column":24}},"16":{"start":{"line":29,"column":6},"end":{"line":33,"column":9}},"17":{"start":{"line":35,"column":6},"end":{"line":42,"column":9}},"18":{"start":{"line":44,"column":6},"end":{"line":44,"column":53}},"19":{"start":{"line":48,"column":26},"end":{"line":78,"column":3}},"20":{"start":{"line":49,"column":22},"end":{"line":49,"column":30}},"21":{"start":{"line":51,"column":4},"end":{"line":77,"column":5}},"22":{"start":{"line":52,"column":19},"end":{"line":56,"column":8}},"23":{"start":{"line":58,"column":6},"end":{"line":61,"column":7}},"24":{"start":{"line":59,"column":8},"end":{"line":59,"column":57}},"25":{"start":{"line":60,"column":8},"end":{"line":60,"column":15}},"26":{"start":{"line":63,"column":6},"end":{"line":63,"column":28}},"27":{"start":{"line":64,"column":6},"end":{"line":64,"column":24}},"28":{"start":{"line":65,"column":6},"end":{"line":65,"column":24}},"29":{"start":{"line":67,"column":6},"end":{"line":74,"column":9}},"30":{"start":{"line":76,"column":6},"end":{"line":76,"column":53}},"31":{"start":{"line":80,"column":17},"end":{"line":121,"column":3}},"32":{"start":{"line":81,"column":32},"end":{"line":81,"column":40}},"33":{"start":{"line":83,"column":4},"end":{"line":120,"column":5}},"34":{"start":{"line":84,"column":19},"end":{"line":88,"column":8}},"35":{"start":{"line":90,"column":6},"end":{"line":93,"column":7}},"36":{"start":{"line":91,"column":8},"end":{"line":91,"column":59}},"37":{"start":{"line":92,"column":8},"end":{"line":92,"column":15}},"38":{"start":{"line":95,"column":6},"end":{"line":98,"column":7}},"39":{"start":{"line":96,"column":8},"end":{"line":96,"column":65}},"40":{"start":{"line":97,"column":8},"end":{"line":97,"column":15}},"41":{"start":{"line":100,"column":32},"end":{"line":100,"column":76}},"42":{"start":{"line":102,"column":6},"end":{"line":105,"column":7}},"43":{"start":{"line":103,"column":8},"end":{"line":103,"column":62}},"44":{"start":{"line":104,"column":8},"end":{"line":104,"column":15}},"45":{"start":{"line":107,"column":20},"end":{"line":107,"column":40}},"46":{"start":{"line":109,"column":6},"end":{"line":117,"column":9}},"47":{"start":{"line":119,"column":6},"end":{"line":119,"column":53}},"48":{"start":{"line":123,"column":26},"end":{"line":157,"column":3}},"49":{"start":{"line":124,"column":22},"end":{"line":124,"column":30}},"50":{"start":{"line":126,"column":4},"end":{"line":156,"column":5}},"51":{"start":{"line":127,"column":19},"end":{"line":131,"column":8}},"52":{"start":{"line":133,"column":6},"end":{"line":136,"column":7}},"53":{"start":{"line":134,"column":8},"end":{"line":134,"column":58}},"54":{"start":{"line":135,"column":8},"end":{"line":135,"column":15}},"55":{"start":{"line":138,"column":6},"end":{"line":138,"column":35}},"56":{"start":{"line":139,"column":6},"end":{"line":139,"column":24}},"57":{"start":{"line":141,"column":6},"end":{"line":145,"column":9}},"58":{"start":{"line":147,"column":6},"end":{"line":153,"column":9}},"59":{"start":{"line":155,"column":6},"end":{"line":155,"column":53}},"60":{"start":{"line":159,"column":25},"end":{"line":179,"column":3}},"61":{"start":{"line":160,"column":22},"end":{"line":160,"column":30}},"62":{"start":{"line":161,"column":4},"end":{"line":178,"column":5}},"63":{"start":{"line":162,"column":26},"end":{"line":166,"column":8}},"64":{"start":{"line":168,"column":6},"end":{"line":171,"column":7}},"65":{"start":{"line":169,"column":8},"end":{"line":169,"column":57}},"66":{"start":{"line":170,"column":8},"end":{"line":170,"column":15}},"67":{"start":{"line":173,"column":6},"end":{"line":175,"column":9}},"68":{"start":{"line":177,"column":6},"end":{"line":177,"column":53}},"69":{"start":{"line":181,"column":34},"end":{"line":206,"column":3}},"70":{"start":{"line":182,"column":25},"end":{"line":182,"column":33}},"71":{"start":{"line":183,"column":22},"end":{"line":183,"column":32}},"72":{"start":{"line":184,"column":4},"end":{"line":205,"column":5}},"73":{"start":{"line":185,"column":19},"end":{"line":189,"column":8}},"74":{"start":{"line":191,"column":6},"end":{"line":194,"column":7}},"75":{"start":{"line":192,"column":8},"end":{"line":192,"column":57}},"76":{"start":{"line":193,"column":8},"end":{"line":193,"column":15}},"77":{"start":{"line":196,"column":6},"end":{"line":196,"column":51}},"78":{"start":{"line":197,"column":6},"end":{"line":197,"column":24}},"79":{"start":{"line":198,"column":6},"end":{"line":198,"column":24}},"80":{"start":{"line":200,"column":6},"end":{"line":202,"column":9}},"81":{"start":{"line":204,"column":6},"end":{"line":204,"column":53}},"82":{"start":{"line":208,"column":16},"end":{"line":210,"column":3}},"83":{"start":{"line":209,"column":4},"end":{"line":209,"column":23}},"84":{"start":{"line":212,"column":37},"end":{"line":234,"column":3}},"85":{"start":{"line":213,"column":43},"end":{"line":213,"column":51}},"86":{"start":{"line":214,"column":19},"end":{"line":214,"column":27}},"87":{"start":{"line":216,"column":17},"end":{"line":216,"column":40}},"88":{"start":{"line":218,"column":30},"end":{"line":220,"column":null}},"89":{"start":{"line":223,"column":4},"end":{"line":226,"column":5}},"90":{"start":{"line":224,"column":6},"end":{"line":224,"column":68}},"91":{"start":{"line":225,"column":6},"end":{"line":225,"column":13}},"92":{"start":{"line":228,"column":4},"end":{"line":228,"column":49}},"93":{"start":{"line":229,"column":4},"end":{"line":229,"column":22}},"94":{"start":{"line":231,"column":4},"end":{"line":233,"column":7}},"95":{"start":{"line":236,"column":25},"end":{"line":252,"column":3}},"96":{"start":{"line":237,"column":25},"end":{"line":237,"column":33}},"97":{"start":{"line":238,"column":19},"end":{"line":238,"column":27}},"98":{"start":{"line":240,"column":17},"end":{"line":240,"column":40}},"99":{"start":{"line":242,"column":30},"end":{"line":242,"column":74}},"100":{"start":{"line":244,"column":4},"end":{"line":247,"column":5}},"101":{"start":{"line":245,"column":6},"end":{"line":245,"column":68}},"102":{"start":{"line":246,"column":6},"end":{"line":246,"column":13}},"103":{"start":{"line":249,"column":4},"end":{"line":251,"column":7}},"104":{"start":{"line":8,"column":0},"end":{"line":8,"column":13}}},"fnMap":{"0":{"name":"(anonymous_1)","decl":{"start":{"line":9,"column":25},"end":{"line":9,"column":30}},"loc":{"start":{"line":9,"column":63},"end":{"line":46,"column":3}}},"1":{"name":"(anonymous_2)","decl":{"start":{"line":48,"column":26},"end":{"line":48,"column":31}},"loc":{"start":{"line":48,"column":64},"end":{"line":78,"column":3}}},"2":{"name":"(anonymous_3)","decl":{"start":{"line":80,"column":17},"end":{"line":80,"column":22}},"loc":{"start":{"line":80,"column":55},"end":{"line":121,"column":3}}},"3":{"name":"(anonymous_4)","decl":{"start":{"line":123,"column":26},"end":{"line":123,"column":31}},"loc":{"start":{"line":123,"column":64},"end":{"line":157,"column":3}}},"4":{"name":"(anonymous_5)","decl":{"start":{"line":159,"column":25},"end":{"line":159,"column":30}},"loc":{"start":{"line":159,"column":63},"end":{"line":179,"column":3}}},"5":{"name":"(anonymous_6)","decl":{"start":{"line":181,"column":34},"end":{"line":181,"column":39}},"loc":{"start":{"line":181,"column":72},"end":{"line":206,"column":3}}},"6":{"name":"(anonymous_7)","decl":{"start":{"line":208,"column":16},"end":{"line":208,"column":21}},"loc":{"start":{"line":208,"column":54},"end":{"line":210,"column":3}}},"7":{"name":"(anonymous_8)","decl":{"start":{"line":212,"column":37},"end":{"line":212,"column":42}},"loc":{"start":{"line":212,"column":75},"end":{"line":234,"column":3}}},"8":{"name":"(anonymous_9)","decl":{"start":{"line":236,"column":25},"end":{"line":236,"column":30}},"loc":{"start":{"line":236,"column":63},"end":{"line":252,"column":3}}}},"branchMap":{"0":{"loc":{"start":{"line":18,"column":4},"end":{"line":21,"column":5}},"type":"if","locations":[{"start":{"line":18,"column":4},"end":{"line":21,"column":5}}]},"1":{"loc":{"start":{"line":58,"column":6},"end":{"line":61,"column":7}},"type":"if","locations":[{"start":{"line":58,"column":6},"end":{"line":61,"column":7}}]},"2":{"loc":{"start":{"line":90,"column":6},"end":{"line":93,"column":7}},"type":"if","locations":[{"start":{"line":90,"column":6},"end":{"line":93,"column":7}}]},"3":{"loc":{"start":{"line":95,"column":6},"end":{"line":98,"column":7}},"type":"if","locations":[{"start":{"line":95,"column":6},"end":{"line":98,"column":7}}]},"4":{"loc":{"start":{"line":102,"column":6},"end":{"line":105,"column":7}},"type":"if","locations":[{"start":{"line":102,"column":6},"end":{"line":105,"column":7}}]},"5":{"loc":{"start":{"line":133,"column":6},"end":{"line":136,"column":7}},"type":"if","locations":[{"start":{"line":133,"column":6},"end":{"line":136,"column":7}}]},"6":{"loc":{"start":{"line":168,"column":6},"end":{"line":171,"column":7}},"type":"if","locations":[{"start":{"line":168,"column":6},"end":{"line":171,"column":7}}]},"7":{"loc":{"start":{"line":191,"column":6},"end":{"line":194,"column":7}},"type":"if","locations":[{"start":{"line":191,"column":6},"end":{"line":194,"column":7}}]},"8":{"loc":{"start":{"line":223,"column":4},"end":{"line":226,"column":5}},"type":"if","locations":[{"start":{"line":223,"column":4},"end":{"line":226,"column":5}}]},"9":{"loc":{"start":{"line":244,"column":4},"end":{"line":247,"column":5}},"type":"if","locations":[{"start":{"line":244,"column":4},"end":{"line":247,"column":5}}]}},"s":{"0":1,"1":1,"2":1,"3":1,"4":1,"5":1,"6":2,"7":2,"8":2,"9":1,"10":1,"11":1,"12":1,"13":1,"14":1,"15":1,"16":1,"17":1,"18":0,"19":1,"20":0,"21":0,"22":0,"23":0,"24":0,"25":0,"26":0,"27":0,"28":0,"29":0,"30":0,"31":1,"32":4,"33":4,"34":4,"35":4,"36":1,"37":1,"38":3,"39":1,"40":1,"41":2,"42":2,"43":1,"44":1,"45":1,"46":1,"47":0,"48":1,"49":0,"50":0,"51":0,"52":0,"53":0,"54":0,"55":0,"56":0,"57":0,"58":0,"59":0,"60":1,"61":0,"62":0,"63":0,"64":0,"65":0,"66":0,"67":0,"68":0,"69":1,"70":0,"71":0,"72":0,"73":0,"74":0,"75":0,"76":0,"77":0,"78":0,"79":0,"80":0,"81":0,"82":1,"83":0,"84":1,"85":0,"86":0,"87":0,"88":0,"89":0,"90":0,"91":0,"92":0,"93":0,"94":0,"95":1,"96":0,"97":0,"98":0,"99":0,"100":0,"101":0,"102":0,"103":0,"104":1},"f":{"0":2,"1":0,"2":4,"3":0,"4":0,"5":0,"6":0,"7":0,"8":0},"b":{"0":[1],"1":[0],"2":[1],"3":[1],"4":[1],"5":[0],"6":[0],"7":[0],"8":[0],"9":[0]}}
,"D:\\aProyectos\\Portafolio\\Proyectos 2024\\cashtracker\\backend\\src\\controllers\\BudgetController.ts": {"path":"D:\\aProyectos\\Portafolio\\Proyectos 2024\\cashtracker\\backend\\src\\controllers\\BudgetController.ts","statementMap":{"0":{"start":{"line":2,"column":0},"end":{"line":2,"column":38}},"1":{"start":{"line":3,"column":0},"end":{"line":3,"column":40}},"2":{"start":{"line":6,"column":18},"end":{"line":19,"column":3}},"3":{"start":{"line":7,"column":4},"end":{"line":18,"column":5}},"4":{"start":{"line":8,"column":22},"end":{"line":13,"column":8}},"5":{"start":{"line":14,"column":6},"end":{"line":14,"column":28}},"6":{"start":{"line":17,"column":6},"end":{"line":17,"column":61}},"7":{"start":{"line":21,"column":18},"end":{"line":33,"column":3}},"8":{"start":{"line":22,"column":4},"end":{"line":32,"column":5}},"9":{"start":{"line":23,"column":21},"end":{"line":23,"column":50}},"10":{"start":{"line":24,"column":6},"end":{"line":24,"column":34}},"11":{"start":{"line":25,"column":6},"end":{"line":25,"column":26}},"12":{"start":{"line":26,"column":6},"end":{"line":29,"column":9}},"13":{"start":{"line":31,"column":6},"end":{"line":31,"column":65}},"14":{"start":{"line":35,"column":19},"end":{"line":42,"column":3}},"15":{"start":{"line":36,"column":19},"end":{"line":38,"column":6}},"16":{"start":{"line":40,"column":4},"end":{"line":40,"column":33}},"17":{"start":{"line":41,"column":4},"end":{"line":41,"column":11}},"18":{"start":{"line":44,"column":22},"end":{"line":50,"column":3}},"19":{"start":{"line":45,"column":4},"end":{"line":45,"column":38}},"20":{"start":{"line":46,"column":4},"end":{"line":49,"column":7}},"21":{"start":{"line":52,"column":22},"end":{"line":58,"column":3}},"22":{"start":{"line":53,"column":4},"end":{"line":53,"column":31}},"23":{"start":{"line":54,"column":4},"end":{"line":57,"column":7}},"24":{"start":{"line":5,"column":0},"end":{"line":5,"column":13}}},"fnMap":{"0":{"name":"(anonymous_1)","decl":{"start":{"line":6,"column":18},"end":{"line":6,"column":23}},"loc":{"start":{"line":6,"column":56},"end":{"line":19,"column":3}}},"1":{"name":"(anonymous_2)","decl":{"start":{"line":21,"column":18},"end":{"line":21,"column":23}},"loc":{"start":{"line":21,"column":56},"end":{"line":33,"column":3}}},"2":{"name":"(anonymous_3)","decl":{"start":{"line":35,"column":19},"end":{"line":35,"column":24}},"loc":{"start":{"line":35,"column":72},"end":{"line":42,"column":3}}},"3":{"name":"(anonymous_4)","decl":{"start":{"line":44,"column":22},"end":{"line":44,"column":27}},"loc":{"start":{"line":44,"column":60},"end":{"line":50,"column":3}}},"4":{"name":"(anonymous_5)","decl":{"start":{"line":52,"column":22},"end":{"line":52,"column":27}},"loc":{"start":{"line":52,"column":60},"end":{"line":58,"column":3}}}},"branchMap":{},"s":{"0":1,"1":1,"2":1,"3":4,"4":4,"5":3,"6":1,"7":1,"8":2,"9":2,"10":1,"11":1,"12":1,"13":1,"14":1,"15":3,"16":3,"17":3,"18":1,"19":1,"20":1,"21":1,"22":1,"23":1,"24":1},"f":{"0":4,"1":2,"2":3,"3":1,"4":1},"b":{}}
,"D:\\aProyectos\\Portafolio\\Proyectos 2024\\cashtracker\\backend\\src\\controllers\\ExpenseController.ts": {"path":"D:\\aProyectos\\Portafolio\\Proyectos 2024\\cashtracker\\backend\\src\\controllers\\ExpenseController.ts","statementMap":{"0":{"start":{"line":2,"column":0},"end":{"line":2,"column":40}},"1":{"start":{"line":5,"column":18},"end":{"line":17,"column":3}},"2":{"start":{"line":6,"column":4},"end":{"line":16,"column":5}},"3":{"start":{"line":7,"column":22},"end":{"line":7,"column":52}},"4":{"start":{"line":8,"column":6},"end":{"line":8,"column":39}},"5":{"start":{"line":9,"column":6},"end":{"line":9,"column":27}},"6":{"start":{"line":10,"column":6},"end":{"line":13,"column":9}},"7":{"start":{"line":15,"column":6},"end":{"line":15,"column":62}},"8":{"start":{"line":19,"column":19},"end":{"line":24,"column":3}},"9":{"start":{"line":20,"column":4},"end":{"line":23,"column":7}},"10":{"start":{"line":26,"column":22},"end":{"line":32,"column":3}},"11":{"start":{"line":27,"column":4},"end":{"line":27,"column":39}},"12":{"start":{"line":28,"column":4},"end":{"line":31,"column":7}},"13":{"start":{"line":34,"column":22},"end":{"line":37,"column":3}},"14":{"start":{"line":35,"column":4},"end":{"line":35,"column":32}},"15":{"start":{"line":36,"column":4},"end":{"line":36,"column":70}},"16":{"start":{"line":4,"column":0},"end":{"line":4,"column":13}}},"fnMap":{"0":{"name":"(anonymous_1)","decl":{"start":{"line":5,"column":18},"end":{"line":5,"column":23}},"loc":{"start":{"line":5,"column":56},"end":{"line":17,"column":3}}},"1":{"name":"(anonymous_2)","decl":{"start":{"line":19,"column":19},"end":{"line":19,"column":24}},"loc":{"start":{"line":19,"column":57},"end":{"line":24,"column":3}}},"2":{"name":"(anonymous_3)","decl":{"start":{"line":26,"column":22},"end":{"line":26,"column":27}},"loc":{"start":{"line":26,"column":60},"end":{"line":32,"column":3}}},"3":{"name":"(anonymous_4)","decl":{"start":{"line":34,"column":22},"end":{"line":34,"column":27}},"loc":{"start":{"line":34,"column":60},"end":{"line":37,"column":3}}}},"branchMap":{},"s":{"0":1,"1":1,"2":2,"3":2,"4":1,"5":1,"6":1,"7":1,"8":1,"9":1,"10":1,"11":1,"12":1,"13":1,"14":1,"15":1,"16":1},"f":{"0":2,"1":1,"2":1,"3":1},"b":{}}
,"D:\\aProyectos\\Portafolio\\Proyectos 2024\\cashtracker\\backend\\src\\email\\AuthEmail.ts": {"path":"D:\\aProyectos\\Portafolio\\Proyectos 2024\\cashtracker\\backend\\src\\email\\AuthEmail.ts","statementMap":{"0":{"start":{"line":1,"column":0},"end":{"line":1,"column":49}},"1":{"start":{"line":10,"column":33},"end":{"line":24,"column":3}},"2":{"start":{"line":11,"column":18},"end":{"line":21,"column":6}},"3":{"start":{"line":23,"column":4},"end":{"line":23,"column":52}},"4":{"start":{"line":26,"column":34},"end":{"line":40,"column":3}},"5":{"start":{"line":27,"column":18},"end":{"line":37,"column":6}},"6":{"start":{"line":39,"column":4},"end":{"line":39,"column":52}},"7":{"start":{"line":9,"column":0},"end":{"line":9,"column":13}}},"fnMap":{"0":{"name":"(anonymous_0)","decl":{"start":{"line":10,"column":33},"end":{"line":10,"column":38}},"loc":{"start":{"line":10,"column":59},"end":{"line":24,"column":3}}},"1":{"name":"(anonymous_1)","decl":{"start":{"line":26,"column":34},"end":{"line":26,"column":39}},"loc":{"start":{"line":26,"column":60},"end":{"line":40,"column":3}}}},"branchMap":{},"s":{"0":1,"1":1,"2":0,"3":0,"4":1,"5":0,"6":0,"7":1},"f":{"0":0,"1":0},"b":{}}
,"D:\\aProyectos\\Portafolio\\Proyectos 2024\\cashtracker\\backend\\src\\middleware\\budget.ts": {"path":"D:\\aProyectos\\Portafolio\\Proyectos 2024\\cashtracker\\backend\\src\\middleware\\budget.ts","statementMap":{"0":{"start":{"line":2,"column":0},"end":{"line":2,"column":66}},"1":{"start":{"line":3,"column":0},"end":{"line":3,"column":38}},"2":{"start":{"line":13,"column":32},"end":{"line":32,"column":1}},"3":{"start":{"line":18,"column":2},"end":{"line":23,"column":14}},"4":{"start":{"line":21,"column":23},"end":{"line":21,"column":32}},"5":{"start":{"line":25,"column":15},"end":{"line":25,"column":36}},"6":{"start":{"line":26,"column":2},"end":{"line":29,"column":3}},"7":{"start":{"line":27,"column":4},"end":{"line":27,"column":53}},"8":{"start":{"line":28,"column":4},"end":{"line":28,"column":11}},"9":{"start":{"line":31,"column":2},"end":{"line":31,"column":9}},"10":{"start":{"line":13,"column":13},"end":{"line":13,"column":32}},"11":{"start":{"line":34,"column":35},"end":{"line":50,"column":1}},"12":{"start":{"line":39,"column":2},"end":{"line":39,"column":73}},"13":{"start":{"line":40,"column":2},"end":{"line":47,"column":14}},"14":{"start":{"line":45,"column":23},"end":{"line":45,"column":32}},"15":{"start":{"line":49,"column":2},"end":{"line":49,"column":9}},"16":{"start":{"line":34,"column":13},"end":{"line":34,"column":35}},"17":{"start":{"line":52,"column":35},"end":{"line":74,"column":1}},"18":{"start":{"line":57,"column":23},"end":{"line":57,"column":33}},"19":{"start":{"line":58,"column":2},"end":{"line":73,"column":3}},"20":{"start":{"line":59,"column":19},"end":{"line":59,"column":50}},"21":{"start":{"line":61,"column":4},"end":{"line":64,"column":5}},"22":{"start":{"line":62,"column":6},"end":{"line":62,"column":79}},"23":{"start":{"line":63,"column":6},"end":{"line":63,"column":13}},"24":{"start":{"line":66,"column":4},"end":{"line":66,"column":24}},"25":{"start":{"line":68,"column":4},"end":{"line":68,"column":11}},"26":{"start":{"line":70,"column":4},"end":{"line":72,"column":7}},"27":{"start":{"line":52,"column":13},"end":{"line":52,"column":35}},"28":{"start":{"line":76,"column":25},"end":{"line":86,"column":1}},"29":{"start":{"line":81,"column":2},"end":{"line":84,"column":3}},"30":{"start":{"line":82,"column":4},"end":{"line":82,"column":59}},"31":{"start":{"line":83,"column":4},"end":{"line":83,"column":11}},"32":{"start":{"line":85,"column":2},"end":{"line":85,"column":9}},"33":{"start":{"line":76,"column":13},"end":{"line":76,"column":25}}},"fnMap":{"0":{"name":"(anonymous_1)","decl":{"start":{"line":13,"column":32},"end":{"line":13,"column":37}},"loc":{"start":{"line":17,"column":4},"end":{"line":32,"column":1}}},"1":{"name":"(anonymous_2)","decl":{"start":{"line":21,"column":12},"end":{"line":21,"column":13}},"loc":{"start":{"line":21,"column":23},"end":{"line":21,"column":32}}},"2":{"name":"(anonymous_3)","decl":{"start":{"line":34,"column":35},"end":{"line":34,"column":40}},"loc":{"start":{"line":38,"column":4},"end":{"line":50,"column":1}}},"3":{"name":"(anonymous_4)","decl":{"start":{"line":45,"column":12},"end":{"line":45,"column":13}},"loc":{"start":{"line":45,"column":23},"end":{"line":45,"column":32}}},"4":{"name":"(anonymous_5)","decl":{"start":{"line":52,"column":35},"end":{"line":52,"column":40}},"loc":{"start":{"line":56,"column":4},"end":{"line":74,"column":1}}},"5":{"name":"(anonymous_6)","decl":{"start":{"line":76,"column":25},"end":{"line":76,"column":30}},"loc":{"start":{"line":80,"column":4},"end":{"line":86,"column":1}}}},"branchMap":{"0":{"loc":{"start":{"line":26,"column":2},"end":{"line":29,"column":3}},"type":"if","locations":[{"start":{"line":26,"column":2},"end":{"line":29,"column":3}}]},"1":{"loc":{"start":{"line":61,"column":4},"end":{"line":64,"column":5}},"type":"if","locations":[{"start":{"line":61,"column":4},"end":{"line":64,"column":5}}]},"2":{"loc":{"start":{"line":81,"column":2},"end":{"line":84,"column":3}},"type":"if","locations":[{"start":{"line":81,"column":2},"end":{"line":84,"column":3}}]}},"s":{"0":2,"1":2,"2":2,"3":0,"4":0,"5":0,"6":0,"7":0,"8":0,"9":0,"10":2,"11":2,"12":0,"13":0,"14":0,"15":0,"16":2,"17":2,"18":3,"19":3,"20":3,"21":2,"22":1,"23":1,"24":1,"25":1,"26":1,"27":2,"28":2,"29":3,"30":2,"31":2,"32":1,"33":2},"f":{"0":0,"1":0,"2":0,"3":0,"4":3,"5":3},"b":{"0":[0],"1":[1],"2":[2]}}
,"D:\\aProyectos\\Portafolio\\Proyectos 2024\\cashtracker\\backend\\src\\middleware\\expense.ts": {"path":"D:\\aProyectos\\Portafolio\\Proyectos 2024\\cashtracker\\backend\\src\\middleware\\expense.ts","statementMap":{"0":{"start":{"line":2,"column":0},"end":{"line":2,"column":66}},"1":{"start":{"line":3,"column":0},"end":{"line":3,"column":40}},"2":{"start":{"line":13,"column":36},"end":{"line":32,"column":1}},"3":{"start":{"line":18,"column":2},"end":{"line":21,"column":14}},"4":{"start":{"line":22,"column":2},"end":{"line":29,"column":14}},"5":{"start":{"line":27,"column":23},"end":{"line":27,"column":32}},"6":{"start":{"line":31,"column":2},"end":{"line":31,"column":9}},"7":{"start":{"line":13,"column":13},"end":{"line":13,"column":36}},"8":{"start":{"line":34,"column":33},"end":{"line":52,"column":1}},"9":{"start":{"line":39,"column":2},"end":{"line":43,"column":14}},"10":{"start":{"line":41,"column":23},"end":{"line":41,"column":32}},"11":{"start":{"line":45,"column":15},"end":{"line":45,"column":36}},"12":{"start":{"line":46,"column":2},"end":{"line":49,"column":3}},"13":{"start":{"line":47,"column":4},"end":{"line":47,"column":53}},"14":{"start":{"line":48,"column":4},"end":{"line":48,"column":11}},"15":{"start":{"line":51,"column":2},"end":{"line":51,"column":9}},"16":{"start":{"line":34,"column":13},"end":{"line":34,"column":33}},"17":{"start":{"line":54,"column":37},"end":{"line":76,"column":1}},"18":{"start":{"line":59,"column":24},"end":{"line":59,"column":34}},"19":{"start":{"line":60,"column":2},"end":{"line":75,"column":3}},"20":{"start":{"line":61,"column":20},"end":{"line":61,"column":53}},"21":{"start":{"line":63,"column":4},"end":{"line":66,"column":5}},"22":{"start":{"line":64,"column":6},"end":{"line":64,"column":80}},"23":{"start":{"line":65,"column":6},"end":{"line":65,"column":13}},"24":{"start":{"line":68,"column":4},"end":{"line":68,"column":26}},"25":{"start":{"line":70,"column":4},"end":{"line":70,"column":11}},"26":{"start":{"line":72,"column":4},"end":{"line":74,"column":7}},"27":{"start":{"line":54,"column":13},"end":{"line":54,"column":37}}},"fnMap":{"0":{"name":"(anonymous_1)","decl":{"start":{"line":13,"column":36},"end":{"line":13,"column":41}},"loc":{"start":{"line":17,"column":4},"end":{"line":32,"column":1}}},"1":{"name":"(anonymous_2)","decl":{"start":{"line":27,"column":12},"end":{"line":27,"column":13}},"loc":{"start":{"line":27,"column":23},"end":{"line":27,"column":32}}},"2":{"name":"(anonymous_3)","decl":{"start":{"line":34,"column":33},"end":{"line":34,"column":38}},"loc":{"start":{"line":38,"column":4},"end":{"line":52,"column":1}}},"3":{"name":"(anonymous_4)","decl":{"start":{"line":41,"column":12},"end":{"line":41,"column":13}},"loc":{"start":{"line":41,"column":23},"end":{"line":41,"column":32}}},"4":{"name":"(anonymous_5)","decl":{"start":{"line":54,"column":37},"end":{"line":54,"column":42}},"loc":{"start":{"line":58,"column":4},"end":{"line":76,"column":1}}}},"branchMap":{"0":{"loc":{"start":{"line":46,"column":2},"end":{"line":49,"column":3}},"type":"if","locations":[{"start":{"line":46,"column":2},"end":{"line":49,"column":3}}]},"1":{"loc":{"start":{"line":63,"column":4},"end":{"line":66,"column":5}},"type":"if","locations":[{"start":{"line":63,"column":4},"end":{"line":66,"column":5}}]}},"s":{"0":1,"1":1,"2":1,"3":0,"4":0,"5":0,"6":0,"7":1,"8":1,"9":0,"10":0,"11":0,"12":0,"13":0,"14":0,"15":0,"16":1,"17":1,"18":3,"19":3,"20":3,"21":2,"22":1,"23":1,"24":1,"25":1,"26":1,"27":1},"f":{"0":0,"1":0,"2":0,"3":0,"4":3},"b":{"0":[0],"1":[1]}}
,"D:\\aProyectos\\Portafolio\\Proyectos 2024\\cashtracker\\backend\\src\\models\\Budget.ts": {"path":"D:\\aProyectos\\Portafolio\\Proyectos 2024\\cashtracker\\backend\\src\\models\\Budget.ts","statementMap":{"0":{"start":{"line":1,"column":0},"end":{"line":1,"column":null}},"1":{"start":{"line":11,"column":0},"end":{"line":11,"column":32}},"2":{"start":{"line":12,"column":0},"end":{"line":12,"column":26}},"3":{"start":{"line":17,"column":0},"end":{"line":41,"column":null}},"4":{"start":{"line":22,"column":10},"end":{"line":22,"column":null}},"5":{"start":{"line":28,"column":10},"end":{"line":28,"column":null}},"6":{"start":{"line":34,"column":10},"end":{"line":34,"column":null}},"7":{"start":{"line":30,"column":17},"end":{"line":30,"column":24}},"8":{"start":{"line":37,"column":10},"end":{"line":37,"column":null}},"9":{"start":{"line":36,"column":20},"end":{"line":36,"column":24}},"10":{"start":{"line":40,"column":10},"end":{"line":40,"column":null}},"11":{"start":{"line":39,"column":19},"end":{"line":39,"column":23}},"12":{"start":{"line":17,"column":6},"end":{"line":41,"column":null}},"13":{"start":{"line":43,"column":0},"end":{"line":43,"column":22}}},"fnMap":{"0":{"name":"(anonymous_3)","decl":{"start":{"line":30,"column":11},"end":{"line":30,"column":14}},"loc":{"start":{"line":30,"column":17},"end":{"line":30,"column":24}}},"1":{"name":"(anonymous_4)","decl":{"start":{"line":36,"column":14},"end":{"line":36,"column":17}},"loc":{"start":{"line":36,"column":20},"end":{"line":36,"column":24}}},"2":{"name":"(anonymous_5)","decl":{"start":{"line":39,"column":13},"end":{"line":39,"column":16}},"loc":{"start":{"line":39,"column":19},"end":{"line":39,"column":23}}}},"branchMap":{},"s":{"0":2,"1":2,"2":2,"3":2,"4":2,"5":2,"6":2,"7":0,"8":2,"9":0,"10":2,"11":0,"12":2,"13":2},"f":{"0":0,"1":0,"2":0},"b":{}}
,"D:\\aProyectos\\Portafolio\\Proyectos 2024\\cashtracker\\backend\\src\\models\\Expense.ts": {"path":"D:\\aProyectos\\Portafolio\\Proyectos 2024\\cashtracker\\backend\\src\\models\\Expense.ts","statementMap":{"0":{"start":{"line":1,"column":0},"end":{"line":1,"column":null}},"1":{"start":{"line":10,"column":0},"end":{"line":10,"column":30}},"2":{"start":{"line":15,"column":0},"end":{"line":33,"column":null}},"3":{"start":{"line":20,"column":10},"end":{"line":20,"column":null}},"4":{"start":{"line":26,"column":10},"end":{"line":26,"column":null}},"5":{"start":{"line":29,"column":10},"end":{"line":29,"column":null}},"6":{"start":{"line":28,"column":20},"end":{"line":28,"column":26}},"7":{"start":{"line":32,"column":10},"end":{"line":32,"column":null}},"8":{"start":{"line":31,"column":19},"end":{"line":31,"column":25}},"9":{"start":{"line":15,"column":6},"end":{"line":33,"column":null}},"10":{"start":{"line":35,"column":0},"end":{"line":35,"column":23}}},"fnMap":{"0":{"name":"(anonymous_3)","decl":{"start":{"line":28,"column":14},"end":{"line":28,"column":17}},"loc":{"start":{"line":28,"column":20},"end":{"line":28,"column":26}}},"1":{"name":"(anonymous_4)","decl":{"start":{"line":31,"column":13},"end":{"line":31,"column":16}},"loc":{"start":{"line":31,"column":19},"end":{"line":31,"column":25}}}},"branchMap":{},"s":{"0":2,"1":2,"2":2,"3":2,"4":2,"5":2,"6":0,"7":2,"8":0,"9":2,"10":2},"f":{"0":0,"1":0},"b":{}}
,"D:\\aProyectos\\Portafolio\\Proyectos 2024\\cashtracker\\backend\\src\\models\\User.ts": {"path":"D:\\aProyectos\\Portafolio\\Proyectos 2024\\cashtracker\\backend\\src\\models\\User.ts","statementMap":{"0":{"start":{"line":1,"column":0},"end":{"line":1,"column":null}},"1":{"start":{"line":11,"column":0},"end":{"line":11,"column":30}},"2":{"start":{"line":16,"column":0},"end":{"line":52,"column":null}},"3":{"start":{"line":21,"column":10},"end":{"line":21,"column":null}},"4":{"start":{"line":27,"column":10},"end":{"line":27,"column":null}},"5":{"start":{"line":34,"column":10},"end":{"line":34,"column":null}},"6":{"start":{"line":39,"column":10},"end":{"line":39,"column":null}},"7":{"start":{"line":45,"column":10},"end":{"line":45,"column":null}},"8":{"start":{"line":51,"column":10},"end":{"line":51,"column":null}},"9":{"start":{"line":47,"column":17},"end":{"line":47,"column":23}},"10":{"start":{"line":16,"column":6},"end":{"line":52,"column":null}},"11":{"start":{"line":54,"column":0},"end":{"line":54,"column":20}}},"fnMap":{"0":{"name":"(anonymous_3)","decl":{"start":{"line":47,"column":11},"end":{"line":47,"column":14}},"loc":{"start":{"line":47,"column":17},"end":{"line":47,"column":23}}}},"branchMap":{},"s":{"0":2,"1":2,"2":2,"3":2,"4":2,"5":2,"6":2,"7":2,"8":2,"9":0,"10":2,"11":2},"f":{"0":0},"b":{}}
,"D:\\aProyectos\\Portafolio\\Proyectos 2024\\cashtracker\\backend\\src\\test\\mocks\\Budgets.ts": {"path":"D:\\aProyectos\\Portafolio\\Proyectos 2024\\cashtracker\\backend\\src\\test\\mocks\\Budgets.ts","statementMap":{"0":{"start":{"line":1,"column":13},"end":{"line":71,"column":2}}},"fnMap":{},"branchMap":{},"s":{"0":3},"f":{},"b":{}}
,"D:\\aProyectos\\Portafolio\\Proyectos 2024\\cashtracker\\backend\\src\\test\\mocks\\Expense.ts": {"path":"D:\\aProyectos\\Portafolio\\Proyectos 2024\\cashtracker\\backend\\src\\test\\mocks\\Expense.ts","statementMap":{"0":{"start":{"line":1,"column":13},"end":{"line":26,"column":2}}},"fnMap":{},"branchMap":{},"s":{"0":2},"f":{},"b":{}}
,"D:\\aProyectos\\Portafolio\\Proyectos 2024\\cashtracker\\backend\\src\\utils\\auth.ts": {"path":"D:\\aProyectos\\Portafolio\\Proyectos 2024\\cashtracker\\backend\\src\\utils\\auth.ts","statementMap":{"0":{"start":{"line":1,"column":0},"end":{"line":1,"column":28}},"1":{"start":{"line":3,"column":28},"end":{"line":6,"column":1}},"2":{"start":{"line":4,"column":15},"end":{"line":4,"column":39}},"3":{"start":{"line":5,"column":2},"end":{"line":5,"column":43}},"4":{"start":{"line":3,"column":13},"end":{"line":3,"column":28}},"5":{"start":{"line":8,"column":29},"end":{"line":10,"column":1}},"6":{"start":{"line":9,"column":2},"end":{"line":9,"column":46}},"7":{"start":{"line":8,"column":13},"end":{"line":8,"column":29}}},"fnMap":{"0":{"name":"(anonymous_1)","decl":{"start":{"line":3,"column":28},"end":{"line":3,"column":33}},"loc":{"start":{"line":3,"column":55},"end":{"line":6,"column":1}}},"1":{"name":"(anonymous_2)","decl":{"start":{"line":8,"column":29},"end":{"line":8,"column":34}},"loc":{"start":{"line":8,"column":70},"end":{"line":10,"column":1}}}},"branchMap":{},"s":{"0":1,"1":1,"2":0,"3":0,"4":1,"5":1,"6":0,"7":1},"f":{"0":0,"1":0},"b":{}}
,"D:\\aProyectos\\Portafolio\\Proyectos 2024\\cashtracker\\backend\\src\\utils\\jwt.ts": {"path":"D:\\aProyectos\\Portafolio\\Proyectos 2024\\cashtracker\\backend\\src\\utils\\jwt.ts","statementMap":{"0":{"start":{"line":1,"column":0},"end":{"line":1,"column":31}},"1":{"start":{"line":3,"column":27},"end":{"line":9,"column":1}},"2":{"start":{"line":4,"column":16},"end":{"line":6,"column":4}},"3":{"start":{"line":8,"column":2},"end":{"line":8,"column":15}},"4":{"start":{"line":3,"column":13},"end":{"line":3,"column":27}},"5":{"start":{"line":11,"column":25},"end":{"line":15,"column":1}},"6":{"start":{"line":12,"column":18},"end":{"line":12,"column":58}},"7":{"start":{"line":14,"column":2},"end":{"line":14,"column":17}},"8":{"start":{"line":11,"column":13},"end":{"line":11,"column":25}}},"fnMap":{"0":{"name":"(anonymous_1)","decl":{"start":{"line":3,"column":27},"end":{"line":3,"column":28}},"loc":{"start":{"line":3,"column":42},"end":{"line":9,"column":1}}},"1":{"name":"(anonymous_2)","decl":{"start":{"line":11,"column":25},"end":{"line":11,"column":26}},"loc":{"start":{"line":11,"column":43},"end":{"line":15,"column":1}}}},"branchMap":{},"s":{"0":1,"1":1,"2":0,"3":0,"4":1,"5":1,"6":0,"7":0,"8":1},"f":{"0":0,"1":0},"b":{}}
,"D:\\aProyectos\\Portafolio\\Proyectos 2024\\cashtracker\\backend\\src\\utils\\token.ts": {"path":"D:\\aProyectos\\Portafolio\\Proyectos 2024\\cashtracker\\backend\\src\\utils\\token.ts","statementMap":{"0":{"start":{"line":1,"column":29},"end":{"line":2,"column":56}},"1":{"start":{"line":2,"column":2},"end":{"line":2,"column":56}},"2":{"start":{"line":1,"column":13},"end":{"line":1,"column":29}}},"fnMap":{"0":{"name":"(anonymous_0)","decl":{"start":{"line":1,"column":29},"end":{"line":1,"column":32}},"loc":{"start":{"line":2,"column":2},"end":{"line":2,"column":56}}}},"branchMap":{},"s":{"0":1,"1":0,"2":1},"f":{"0":0},"b":{}}
}
