{"D:\\aProyectos\\Portafolio\\Proyectos 2024\\cashtracker\\backend\\src\\server.ts": {"path":"D:\\aProyectos\\Portafolio\\Proyectos 2024\\cashtracker\\backend\\src\\server.ts","statementMap":{"0":{"start":{"line":8,"column":0},"end":{"line":8,"column":7}},"1":{"start":{"line":1,"column":0},"end":{"line":1,"column":30}},"2":{"start":{"line":3,"column":0},"end":{"line":3,"column":28}},"3":{"start":{"line":4,"column":0},"end":{"line":4,"column":33}},"4":{"start":{"line":5,"column":0},"end":{"line":5,"column":48}},"5":{"start":{"line":6,"column":0},"end":{"line":6,"column":45}},"6":{"start":{"line":9,"column":2},"end":{"line":15,"column":3}},"7":{"start":{"line":10,"column":4},"end":{"line":10,"column":28}},"8":{"start":{"line":11,"column":4},"end":{"line":11,"column":14}},"9":{"start":{"line":18,"column":0},"end":{"line":18,"column":12}},"10":{"start":{"line":20,"column":12},"end":{"line":20,"column":21}},"11":{"start":{"line":22,"column":0},"end":{"line":22,"column":23}},"12":{"start":{"line":24,"column":0},"end":{"line":24,"column":24}},"13":{"start":{"line":26,"column":0},"end":{"line":26,"column":38}},"14":{"start":{"line":27,"column":0},"end":{"line":27,"column":33}},"15":{"start":{"line":29,"column":0},"end":{"line":29,"column":19}}},"fnMap":{"0":{"name":"connectDB","decl":{"start":{"line":8,"column":22},"end":{"line":8,"column":31}},"loc":{"start":{"line":8,"column":31},"end":{"line":16,"column":1}}}},"branchMap":{},"s":{"0":1,"1":1,"2":1,"3":1,"4":1,"5":1,"6":1,"7":1,"8":1,"9":1,"10":1,"11":1,"12":1,"13":1,"14":1,"15":1},"f":{"0":1},"b":{}}
,"D:\\aProyectos\\Portafolio\\Proyectos 2024\\cashtracker\\backend\\src\\config\\db.ts": {"path":"D:\\aProyectos\\Portafolio\\Proyectos 2024\\cashtracker\\backend\\src\\config\\db.ts","statementMap":{"0":{"start":{"line":1,"column":0},"end":{"line":1,"column":49}},"1":{"start":{"line":2,"column":0},"end":{"line":2,"column":28}},"2":{"start":{"line":3,"column":0},"end":{"line":3,"column":16}},"3":{"start":{"line":5,"column":13},"end":{"line":17,"column":3}}},"fnMap":{},"branchMap":{},"s":{"0":1,"1":1,"2":1,"3":1},"f":{},"b":{}}
,"D:\\aProyectos\\Portafolio\\Proyectos 2024\\cashtracker\\backend\\src\\config\\limit.ts": {"path":"D:\\aProyectos\\Portafolio\\Proyectos 2024\\cashtracker\\backend\\src\\config\\limit.ts","statementMap":{"0":{"start":{"line":1,"column":0},"end":{"line":1,"column":47}},"1":{"start":{"line":3,"column":13},"end":{"line":7,"column":3}}},"fnMap":{},"branchMap":{"0":{"loc":{"start":{"line":5,"column":9},"end":{"line":5,"column":56}},"type":"cond-expr","locations":[{"start":{"line":5,"column":49},"end":{"line":5,"column":50}},{"start":{"line":5,"column":53},"end":{"line":5,"column":56}}]}},"s":{"0":1,"1":1},"f":{},"b":{"0":[0,1]}}
,"D:\\aProyectos\\Portafolio\\Proyectos 2024\\cashtracker\\backend\\src\\config\\nodemailer.ts": {"path":"D:\\aProyectos\\Portafolio\\Proyectos 2024\\cashtracker\\backend\\src\\config\\nodemailer.ts","statementMap":{"0":{"start":{"line":1,"column":0},"end":{"line":1,"column":36}},"1":{"start":{"line":2,"column":0},"end":{"line":2,"column":28}},"2":{"start":{"line":3,"column":0},"end":{"line":3,"column":16}},"3":{"start":{"line":5,"column":15},"end":{"line":14,"column":1}},"4":{"start":{"line":6,"column":2},"end":{"line":13,"column":4}},"5":{"start":{"line":16,"column":13},"end":{"line":16,"column":62}}},"fnMap":{"0":{"name":"(anonymous_1)","decl":{"start":{"line":5,"column":15},"end":{"line":5,"column":18}},"loc":{"start":{"line":5,"column":20},"end":{"line":14,"column":1}}}},"branchMap":{},"s":{"0":2,"1":2,"2":2,"3":2,"4":2,"5":2},"f":{"0":2},"b":{}}
,"D:\\aProyectos\\Portafolio\\Proyectos 2024\\cashtracker\\backend\\src\\controllers\\AuthControllers.ts": {"path":"D:\\aProyectos\\Portafolio\\Proyectos 2024\\cashtracker\\backend\\src\\controllers\\AuthControllers.ts","statementMap":{"0":{"start":{"line":2,"column":0},"end":{"line":2,"column":47}},"1":{"start":{"line":3,"column":0},"end":{"line":3,"column":34}},"2":{"start":{"line":4,"column":0},"end":{"line":4,"column":60}},"3":{"start":{"line":5,"column":0},"end":{"line":5,"column":43}},"4":{"start":{"line":6,"column":0},"end":{"line":6,"column":47}},"5":{"start":{"line":9,"column":25},"end":{"line":52,"column":3}},"6":{"start":{"line":10,"column":32},"end":{"line":10,"column":40}},"7":{"start":{"line":12,"column":23},"end":{"line":16,"column":6}},"8":{"start":{"line":18,"column":4},"end":{"line":21,"column":5}},"9":{"start":{"line":19,"column":6},"end":{"line":19,"column":62}},"10":{"start":{"line":20,"column":6},"end":{"line":20,"column":13}},"11":{"start":{"line":23,"column":4},"end":{"line":51,"column":5}},"12":{"start":{"line":24,"column":19},"end":{"line":24,"column":46}},"13":{"start":{"line":25,"column":6},"end":{"line":25,"column":51}},"14":{"start":{"line":26,"column":20},"end":{"line":26,"column":35}},"15":{"start":{"line":28,"column":6},"end":{"line":30,"column":7}},"16":{"start":{"line":29,"column":8},"end":{"line":29,"column":54}},"17":{"start":{"line":32,"column":6},"end":{"line":32,"column":25}},"18":{"start":{"line":33,"column":6},"end":{"line":33,"column":24}},"19":{"start":{"line":35,"column":6},"end":{"line":39,"column":9}},"20":{"start":{"line":41,"column":6},"end":{"line":48,"column":9}},"21":{"start":{"line":50,"column":6},"end":{"line":50,"column":53}},"22":{"start":{"line":54,"column":26},"end":{"line":84,"column":3}},"23":{"start":{"line":55,"column":22},"end":{"line":55,"column":30}},"24":{"start":{"line":57,"column":4},"end":{"line":83,"column":5}},"25":{"start":{"line":58,"column":19},"end":{"line":62,"column":8}},"26":{"start":{"line":64,"column":6},"end":{"line":67,"column":7}},"27":{"start":{"line":65,"column":8},"end":{"line":65,"column":57}},"28":{"start":{"line":66,"column":8},"end":{"line":66,"column":15}},"29":{"start":{"line":69,"column":6},"end":{"line":69,"column":28}},"30":{"start":{"line":70,"column":6},"end":{"line":70,"column":24}},"31":{"start":{"line":71,"column":6},"end":{"line":71,"column":24}},"32":{"start":{"line":73,"column":6},"end":{"line":80,"column":9}},"33":{"start":{"line":82,"column":6},"end":{"line":82,"column":53}},"34":{"start":{"line":86,"column":17},"end":{"line":127,"column":3}},"35":{"start":{"line":87,"column":32},"end":{"line":87,"column":40}},"36":{"start":{"line":89,"column":4},"end":{"line":126,"column":5}},"37":{"start":{"line":90,"column":19},"end":{"line":94,"column":8}},"38":{"start":{"line":96,"column":6},"end":{"line":99,"column":7}},"39":{"start":{"line":97,"column":8},"end":{"line":97,"column":59}},"40":{"start":{"line":98,"column":8},"end":{"line":98,"column":15}},"41":{"start":{"line":101,"column":6},"end":{"line":104,"column":7}},"42":{"start":{"line":102,"column":8},"end":{"line":102,"column":65}},"43":{"start":{"line":103,"column":8},"end":{"line":103,"column":15}},"44":{"start":{"line":106,"column":32},"end":{"line":106,"column":76}},"45":{"start":{"line":108,"column":6},"end":{"line":111,"column":7}},"46":{"start":{"line":109,"column":8},"end":{"line":109,"column":62}},"47":{"start":{"line":110,"column":8},"end":{"line":110,"column":15}},"48":{"start":{"line":113,"column":20},"end":{"line":113,"column":40}},"49":{"start":{"line":115,"column":6},"end":{"line":123,"column":9}},"50":{"start":{"line":125,"column":6},"end":{"line":125,"column":53}},"51":{"start":{"line":129,"column":26},"end":{"line":163,"column":3}},"52":{"start":{"line":130,"column":22},"end":{"line":130,"column":30}},"53":{"start":{"line":132,"column":4},"end":{"line":162,"column":5}},"54":{"start":{"line":133,"column":19},"end":{"line":137,"column":8}},"55":{"start":{"line":139,"column":6},"end":{"line":142,"column":7}},"56":{"start":{"line":140,"column":8},"end":{"line":140,"column":58}},"57":{"start":{"line":141,"column":8},"end":{"line":141,"column":15}},"58":{"start":{"line":144,"column":6},"end":{"line":144,"column":35}},"59":{"start":{"line":145,"column":6},"end":{"line":145,"column":24}},"60":{"start":{"line":147,"column":6},"end":{"line":151,"column":9}},"61":{"start":{"line":153,"column":6},"end":{"line":159,"column":9}},"62":{"start":{"line":161,"column":6},"end":{"line":161,"column":53}},"63":{"start":{"line":165,"column":25},"end":{"line":185,"column":3}},"64":{"start":{"line":166,"column":22},"end":{"line":166,"column":30}},"65":{"start":{"line":167,"column":4},"end":{"line":184,"column":5}},"66":{"start":{"line":168,"column":26},"end":{"line":172,"column":8}},"67":{"start":{"line":174,"column":6},"end":{"line":177,"column":7}},"68":{"start":{"line":175,"column":8},"end":{"line":175,"column":57}},"69":{"start":{"line":176,"column":8},"end":{"line":176,"column":15}},"70":{"start":{"line":179,"column":6},"end":{"line":181,"column":9}},"71":{"start":{"line":183,"column":6},"end":{"line":183,"column":53}},"72":{"start":{"line":187,"column":34},"end":{"line":212,"column":3}},"73":{"start":{"line":188,"column":25},"end":{"line":188,"column":33}},"74":{"start":{"line":189,"column":22},"end":{"line":189,"column":32}},"75":{"start":{"line":190,"column":4},"end":{"line":211,"column":5}},"76":{"start":{"line":191,"column":19},"end":{"line":195,"column":8}},"77":{"start":{"line":197,"column":6},"end":{"line":200,"column":7}},"78":{"start":{"line":198,"column":8},"end":{"line":198,"column":57}},"79":{"start":{"line":199,"column":8},"end":{"line":199,"column":15}},"80":{"start":{"line":202,"column":6},"end":{"line":202,"column":51}},"81":{"start":{"line":203,"column":6},"end":{"line":203,"column":24}},"82":{"start":{"line":204,"column":6},"end":{"line":204,"column":24}},"83":{"start":{"line":206,"column":6},"end":{"line":208,"column":9}},"84":{"start":{"line":210,"column":6},"end":{"line":210,"column":53}},"85":{"start":{"line":214,"column":16},"end":{"line":216,"column":3}},"86":{"start":{"line":215,"column":4},"end":{"line":215,"column":23}},"87":{"start":{"line":218,"column":37},"end":{"line":240,"column":3}},"88":{"start":{"line":219,"column":43},"end":{"line":219,"column":51}},"89":{"start":{"line":220,"column":19},"end":{"line":220,"column":27}},"90":{"start":{"line":222,"column":17},"end":{"line":222,"column":40}},"91":{"start":{"line":224,"column":30},"end":{"line":226,"column":null}},"92":{"start":{"line":229,"column":4},"end":{"line":232,"column":5}},"93":{"start":{"line":230,"column":6},"end":{"line":230,"column":68}},"94":{"start":{"line":231,"column":6},"end":{"line":231,"column":13}},"95":{"start":{"line":234,"column":4},"end":{"line":234,"column":49}},"96":{"start":{"line":235,"column":4},"end":{"line":235,"column":22}},"97":{"start":{"line":237,"column":4},"end":{"line":239,"column":7}},"98":{"start":{"line":242,"column":25},"end":{"line":258,"column":3}},"99":{"start":{"line":243,"column":25},"end":{"line":243,"column":33}},"100":{"start":{"line":244,"column":19},"end":{"line":244,"column":27}},"101":{"start":{"line":246,"column":17},"end":{"line":246,"column":40}},"102":{"start":{"line":248,"column":30},"end":{"line":248,"column":74}},"103":{"start":{"line":250,"column":4},"end":{"line":253,"column":5}},"104":{"start":{"line":251,"column":6},"end":{"line":251,"column":68}},"105":{"start":{"line":252,"column":6},"end":{"line":252,"column":13}},"106":{"start":{"line":255,"column":4},"end":{"line":257,"column":7}},"107":{"start":{"line":8,"column":0},"end":{"line":8,"column":13}}},"fnMap":{"0":{"name":"(anonymous_1)","decl":{"start":{"line":9,"column":25},"end":{"line":9,"column":30}},"loc":{"start":{"line":9,"column":63},"end":{"line":52,"column":3}}},"1":{"name":"(anonymous_2)","decl":{"start":{"line":54,"column":26},"end":{"line":54,"column":31}},"loc":{"start":{"line":54,"column":64},"end":{"line":84,"column":3}}},"2":{"name":"(anonymous_3)","decl":{"start":{"line":86,"column":17},"end":{"line":86,"column":22}},"loc":{"start":{"line":86,"column":55},"end":{"line":127,"column":3}}},"3":{"name":"(anonymous_4)","decl":{"start":{"line":129,"column":26},"end":{"line":129,"column":31}},"loc":{"start":{"line":129,"column":64},"end":{"line":163,"column":3}}},"4":{"name":"(anonymous_5)","decl":{"start":{"line":165,"column":25},"end":{"line":165,"column":30}},"loc":{"start":{"line":165,"column":63},"end":{"line":185,"column":3}}},"5":{"name":"(anonymous_6)","decl":{"start":{"line":187,"column":34},"end":{"line":187,"column":39}},"loc":{"start":{"line":187,"column":72},"end":{"line":212,"column":3}}},"6":{"name":"(anonymous_7)","decl":{"start":{"line":214,"column":16},"end":{"line":214,"column":21}},"loc":{"start":{"line":214,"column":54},"end":{"line":216,"column":3}}},"7":{"name":"(anonymous_8)","decl":{"start":{"line":218,"column":37},"end":{"line":218,"column":42}},"loc":{"start":{"line":218,"column":75},"end":{"line":240,"column":3}}},"8":{"name":"(anonymous_9)","decl":{"start":{"line":242,"column":25},"end":{"line":242,"column":30}},"loc":{"start":{"line":242,"column":63},"end":{"line":258,"column":3}}}},"branchMap":{"0":{"loc":{"start":{"line":18,"column":4},"end":{"line":21,"column":5}},"type":"if","locations":[{"start":{"line":18,"column":4},"end":{"line":21,"column":5}}]},"1":{"loc":{"start":{"line":28,"column":6},"end":{"line":30,"column":7}},"type":"if","locations":[{"start":{"line":28,"column":6},"end":{"line":30,"column":7}}]},"2":{"loc":{"start":{"line":64,"column":6},"end":{"line":67,"column":7}},"type":"if","locations":[{"start":{"line":64,"column":6},"end":{"line":67,"column":7}}]},"3":{"loc":{"start":{"line":96,"column":6},"end":{"line":99,"column":7}},"type":"if","locations":[{"start":{"line":96,"column":6},"end":{"line":99,"column":7}}]},"4":{"loc":{"start":{"line":101,"column":6},"end":{"line":104,"column":7}},"type":"if","locations":[{"start":{"line":101,"column":6},"end":{"line":104,"column":7}}]},"5":{"loc":{"start":{"line":108,"column":6},"end":{"line":111,"column":7}},"type":"if","locations":[{"start":{"line":108,"column":6},"end":{"line":111,"column":7}}]},"6":{"loc":{"start":{"line":139,"column":6},"end":{"line":142,"column":7}},"type":"if","locations":[{"start":{"line":139,"column":6},"end":{"line":142,"column":7}}]},"7":{"loc":{"start":{"line":174,"column":6},"end":{"line":177,"column":7}},"type":"if","locations":[{"start":{"line":174,"column":6},"end":{"line":177,"column":7}}]},"8":{"loc":{"start":{"line":197,"column":6},"end":{"line":200,"column":7}},"type":"if","locations":[{"start":{"line":197,"column":6},"end":{"line":200,"column":7}}]},"9":{"loc":{"start":{"line":229,"column":4},"end":{"line":232,"column":5}},"type":"if","locations":[{"start":{"line":229,"column":4},"end":{"line":232,"column":5}}]},"10":{"loc":{"start":{"line":250,"column":4},"end":{"line":253,"column":5}},"type":"if","locations":[{"start":{"line":250,"column":4},"end":{"line":253,"column":5}}]}},"s":{"0":2,"1":2,"2":2,"3":2,"4":2,"5":2,"6":5,"7":5,"8":5,"9":3,"10":3,"11":2,"12":2,"13":2,"14":2,"15":2,"16":2,"17":2,"18":2,"19":2,"20":2,"21":0,"22":2,"23":2,"24":2,"25":2,"26":2,"27":1,"28":1,"29":1,"30":1,"31":1,"32":1,"33":0,"34":2,"35":14,"36":14,"37":14,"38":14,"39":2,"40":2,"41":12,"42":3,"43":3,"44":9,"45":9,"46":2,"47":2,"48":7,"49":7,"50":0,"51":2,"52":0,"53":0,"54":0,"55":0,"56":0,"57":0,"58":0,"59":0,"60":0,"61":0,"62":0,"63":2,"64":0,"65":0,"66":0,"67":0,"68":0,"69":0,"70":0,"71":0,"72":2,"73":0,"74":0,"75":0,"76":0,"77":0,"78":0,"79":0,"80":0,"81":0,"82":0,"83":0,"84":0,"85":2,"86":0,"87":2,"88":0,"89":0,"90":0,"91":0,"92":0,"93":0,"94":0,"95":0,"96":0,"97":0,"98":2,"99":0,"100":0,"101":0,"102":0,"103":0,"104":0,"105":0,"106":0,"107":2},"f":{"0":5,"1":2,"2":14,"3":0,"4":0,"5":0,"6":0,"7":0,"8":0},"b":{"0":[3],"1":[2],"2":[1],"3":[2],"4":[3],"5":[2],"6":[0],"7":[0],"8":[0],"9":[0],"10":[0]}}
,"D:\\aProyectos\\Portafolio\\Proyectos 2024\\cashtracker\\backend\\src\\controllers\\BudgetController.ts": {"path":"D:\\aProyectos\\Portafolio\\Proyectos 2024\\cashtracker\\backend\\src\\controllers\\BudgetController.ts","statementMap":{"0":{"start":{"line":2,"column":0},"end":{"line":2,"column":38}},"1":{"start":{"line":3,"column":0},"end":{"line":3,"column":40}},"2":{"start":{"line":6,"column":18},"end":{"line":19,"column":3}},"3":{"start":{"line":7,"column":4},"end":{"line":18,"column":5}},"4":{"start":{"line":8,"column":22},"end":{"line":13,"column":8}},"5":{"start":{"line":14,"column":6},"end":{"line":14,"column":28}},"6":{"start":{"line":17,"column":6},"end":{"line":17,"column":61}},"7":{"start":{"line":21,"column":18},"end":{"line":33,"column":3}},"8":{"start":{"line":22,"column":4},"end":{"line":32,"column":5}},"9":{"start":{"line":23,"column":21},"end":{"line":23,"column":50}},"10":{"start":{"line":24,"column":6},"end":{"line":24,"column":34}},"11":{"start":{"line":25,"column":6},"end":{"line":25,"column":26}},"12":{"start":{"line":26,"column":6},"end":{"line":29,"column":9}},"13":{"start":{"line":31,"column":6},"end":{"line":31,"column":65}},"14":{"start":{"line":35,"column":19},"end":{"line":42,"column":3}},"15":{"start":{"line":36,"column":19},"end":{"line":38,"column":6}},"16":{"start":{"line":40,"column":4},"end":{"line":40,"column":33}},"17":{"start":{"line":41,"column":4},"end":{"line":41,"column":11}},"18":{"start":{"line":44,"column":22},"end":{"line":50,"column":3}},"19":{"start":{"line":45,"column":4},"end":{"line":45,"column":38}},"20":{"start":{"line":46,"column":4},"end":{"line":49,"column":7}},"21":{"start":{"line":52,"column":22},"end":{"line":58,"column":3}},"22":{"start":{"line":53,"column":4},"end":{"line":53,"column":31}},"23":{"start":{"line":54,"column":4},"end":{"line":57,"column":7}},"24":{"start":{"line":5,"column":0},"end":{"line":5,"column":13}}},"fnMap":{"0":{"name":"(anonymous_1)","decl":{"start":{"line":6,"column":18},"end":{"line":6,"column":23}},"loc":{"start":{"line":6,"column":56},"end":{"line":19,"column":3}}},"1":{"name":"(anonymous_2)","decl":{"start":{"line":21,"column":18},"end":{"line":21,"column":23}},"loc":{"start":{"line":21,"column":56},"end":{"line":33,"column":3}}},"2":{"name":"(anonymous_3)","decl":{"start":{"line":35,"column":19},"end":{"line":35,"column":24}},"loc":{"start":{"line":35,"column":72},"end":{"line":42,"column":3}}},"3":{"name":"(anonymous_4)","decl":{"start":{"line":44,"column":22},"end":{"line":44,"column":27}},"loc":{"start":{"line":44,"column":60},"end":{"line":50,"column":3}}},"4":{"name":"(anonymous_5)","decl":{"start":{"line":52,"column":22},"end":{"line":52,"column":27}},"loc":{"start":{"line":52,"column":60},"end":{"line":58,"column":3}}}},"branchMap":{},"s":{"0":2,"1":2,"2":2,"3":5,"4":5,"5":4,"6":1,"7":2,"8":3,"9":3,"10":2,"11":2,"12":2,"13":1,"14":2,"15":4,"16":4,"17":4,"18":2,"19":2,"20":2,"21":2,"22":2,"23":2,"24":2},"f":{"0":5,"1":3,"2":4,"3":2,"4":2},"b":{}}
,"D:\\aProyectos\\Portafolio\\Proyectos 2024\\cashtracker\\backend\\src\\controllers\\ExpenseController.ts": {"path":"D:\\aProyectos\\Portafolio\\Proyectos 2024\\cashtracker\\backend\\src\\controllers\\ExpenseController.ts","statementMap":{"0":{"start":{"line":2,"column":0},"end":{"line":2,"column":40}},"1":{"start":{"line":5,"column":18},"end":{"line":17,"column":3}},"2":{"start":{"line":6,"column":4},"end":{"line":16,"column":5}},"3":{"start":{"line":7,"column":22},"end":{"line":7,"column":52}},"4":{"start":{"line":8,"column":6},"end":{"line":8,"column":39}},"5":{"start":{"line":9,"column":6},"end":{"line":9,"column":27}},"6":{"start":{"line":10,"column":6},"end":{"line":13,"column":9}},"7":{"start":{"line":15,"column":6},"end":{"line":15,"column":62}},"8":{"start":{"line":19,"column":19},"end":{"line":24,"column":3}},"9":{"start":{"line":20,"column":4},"end":{"line":23,"column":7}},"10":{"start":{"line":26,"column":22},"end":{"line":32,"column":3}},"11":{"start":{"line":27,"column":4},"end":{"line":27,"column":39}},"12":{"start":{"line":28,"column":4},"end":{"line":31,"column":7}},"13":{"start":{"line":34,"column":22},"end":{"line":37,"column":3}},"14":{"start":{"line":35,"column":4},"end":{"line":35,"column":32}},"15":{"start":{"line":36,"column":4},"end":{"line":36,"column":70}},"16":{"start":{"line":4,"column":0},"end":{"line":4,"column":13}}},"fnMap":{"0":{"name":"(anonymous_1)","decl":{"start":{"line":5,"column":18},"end":{"line":5,"column":23}},"loc":{"start":{"line":5,"column":56},"end":{"line":17,"column":3}}},"1":{"name":"(anonymous_2)","decl":{"start":{"line":19,"column":19},"end":{"line":19,"column":24}},"loc":{"start":{"line":19,"column":57},"end":{"line":24,"column":3}}},"2":{"name":"(anonymous_3)","decl":{"start":{"line":26,"column":22},"end":{"line":26,"column":27}},"loc":{"start":{"line":26,"column":60},"end":{"line":32,"column":3}}},"3":{"name":"(anonymous_4)","decl":{"start":{"line":34,"column":22},"end":{"line":34,"column":27}},"loc":{"start":{"line":34,"column":60},"end":{"line":37,"column":3}}}},"branchMap":{},"s":{"0":2,"1":2,"2":2,"3":2,"4":1,"5":1,"6":1,"7":1,"8":2,"9":1,"10":2,"11":1,"12":1,"13":2,"14":1,"15":1,"16":2},"f":{"0":2,"1":1,"2":1,"3":1},"b":{}}
,"D:\\aProyectos\\Portafolio\\Proyectos 2024\\cashtracker\\backend\\src\\email\\AuthEmail.ts": {"path":"D:\\aProyectos\\Portafolio\\Proyectos 2024\\cashtracker\\backend\\src\\email\\AuthEmail.ts","statementMap":{"0":{"start":{"line":1,"column":0},"end":{"line":1,"column":49}},"1":{"start":{"line":10,"column":33},"end":{"line":24,"column":3}},"2":{"start":{"line":11,"column":18},"end":{"line":21,"column":6}},"3":{"start":{"line":26,"column":34},"end":{"line":40,"column":3}},"4":{"start":{"line":27,"column":18},"end":{"line":37,"column":6}},"5":{"start":{"line":39,"column":4},"end":{"line":39,"column":52}},"6":{"start":{"line":9,"column":0},"end":{"line":9,"column":13}}},"fnMap":{"0":{"name":"(anonymous_0)","decl":{"start":{"line":10,"column":33},"end":{"line":10,"column":38}},"loc":{"start":{"line":10,"column":59},"end":{"line":24,"column":3}}},"1":{"name":"(anonymous_1)","decl":{"start":{"line":26,"column":34},"end":{"line":26,"column":39}},"loc":{"start":{"line":26,"column":60},"end":{"line":40,"column":3}}}},"branchMap":{},"s":{"0":2,"1":2,"2":1,"3":2,"4":0,"5":0,"6":2},"f":{"0":1,"1":0},"b":{}}
,"D:\\aProyectos\\Portafolio\\Proyectos 2024\\cashtracker\\backend\\src\\middleware\\auth.ts": {"path":"D:\\aProyectos\\Portafolio\\Proyectos 2024\\cashtracker\\backend\\src\\middleware\\auth.ts","statementMap":{"0":{"start":{"line":2,"column":0},"end":{"line":2,"column":48}},"1":{"start":{"line":3,"column":0},"end":{"line":3,"column":41}},"2":{"start":{"line":4,"column":0},"end":{"line":4,"column":34}},"3":{"start":{"line":14,"column":33},"end":{"line":27,"column":1}},"4":{"start":{"line":19,"column":2},"end":{"line":19,"column":73}},"5":{"start":{"line":20,"column":2},"end":{"line":20,"column":75}},"6":{"start":{"line":21,"column":2},"end":{"line":24,"column":14}},"7":{"start":{"line":26,"column":2},"end":{"line":26,"column":9}},"8":{"start":{"line":14,"column":13},"end":{"line":14,"column":33}},"9":{"start":{"line":29,"column":34},"end":{"line":40,"column":1}},"10":{"start":{"line":34,"column":2},"end":{"line":37,"column":14}},"11":{"start":{"line":39,"column":2},"end":{"line":39,"column":9}},"12":{"start":{"line":29,"column":13},"end":{"line":29,"column":34}},"13":{"start":{"line":42,"column":34},"end":{"line":54,"column":1}},"14":{"start":{"line":47,"column":2},"end":{"line":47,"column":75}},"15":{"start":{"line":48,"column":2},"end":{"line":51,"column":14}},"16":{"start":{"line":53,"column":2},"end":{"line":53,"column":9}},"17":{"start":{"line":42,"column":13},"end":{"line":42,"column":34}},"18":{"start":{"line":56,"column":38},"end":{"line":64,"column":1}},"19":{"start":{"line":61,"column":2},"end":{"line":61,"column":75}},"20":{"start":{"line":63,"column":2},"end":{"line":63,"column":9}},"21":{"start":{"line":56,"column":13},"end":{"line":56,"column":38}},"22":{"start":{"line":66,"column":34},"end":{"line":82,"column":1}},"23":{"start":{"line":71,"column":2},"end":{"line":75,"column":14}},"24":{"start":{"line":76,"column":2},"end":{"line":79,"column":14}},"25":{"start":{"line":81,"column":2},"end":{"line":81,"column":9}},"26":{"start":{"line":66,"column":13},"end":{"line":66,"column":34}},"27":{"start":{"line":84,"column":38},"end":{"line":99,"column":1}},"28":{"start":{"line":89,"column":2},"end":{"line":92,"column":14}},"29":{"start":{"line":93,"column":2},"end":{"line":96,"column":14}},"30":{"start":{"line":98,"column":2},"end":{"line":98,"column":9}},"31":{"start":{"line":84,"column":13},"end":{"line":84,"column":38}},"32":{"start":{"line":101,"column":37},"end":{"line":112,"column":1}},"33":{"start":{"line":106,"column":2},"end":{"line":109,"column":14}},"34":{"start":{"line":111,"column":2},"end":{"line":111,"column":9}},"35":{"start":{"line":101,"column":13},"end":{"line":101,"column":37}},"36":{"start":{"line":114,"column":28},"end":{"line":145,"column":1}},"37":{"start":{"line":119,"column":17},"end":{"line":119,"column":42}},"38":{"start":{"line":121,"column":2},"end":{"line":124,"column":3}},"39":{"start":{"line":122,"column":4},"end":{"line":122,"column":57}},"40":{"start":{"line":123,"column":4},"end":{"line":123,"column":11}},"41":{"start":{"line":126,"column":20},"end":{"line":126,"column":37}},"42":{"start":{"line":128,"column":2},"end":{"line":131,"column":3}},"43":{"start":{"line":129,"column":4},"end":{"line":129,"column":57}},"44":{"start":{"line":130,"column":4},"end":{"line":130,"column":11}},"45":{"start":{"line":133,"column":2},"end":{"line":144,"column":3}},"46":{"start":{"line":134,"column":20},"end":{"line":134,"column":36}},"47":{"start":{"line":135,"column":4},"end":{"line":141,"column":5}},"48":{"start":{"line":136,"column":6},"end":{"line":138,"column":9}},"49":{"start":{"line":140,"column":6},"end":{"line":140,"column":13}},"50":{"start":{"line":143,"column":4},"end":{"line":143,"column":53}},"51":{"start":{"line":114,"column":13},"end":{"line":114,"column":28}}},"fnMap":{"0":{"name":"(anonymous_1)","decl":{"start":{"line":14,"column":33},"end":{"line":14,"column":38}},"loc":{"start":{"line":18,"column":4},"end":{"line":27,"column":1}}},"1":{"name":"(anonymous_2)","decl":{"start":{"line":29,"column":34},"end":{"line":29,"column":39}},"loc":{"start":{"line":33,"column":4},"end":{"line":40,"column":1}}},"2":{"name":"(anonymous_3)","decl":{"start":{"line":42,"column":34},"end":{"line":42,"column":39}},"loc":{"start":{"line":46,"column":4},"end":{"line":54,"column":1}}},"3":{"name":"(anonymous_4)","decl":{"start":{"line":56,"column":38},"end":{"line":56,"column":43}},"loc":{"start":{"line":60,"column":4},"end":{"line":64,"column":1}}},"4":{"name":"(anonymous_5)","decl":{"start":{"line":66,"column":34},"end":{"line":66,"column":39}},"loc":{"start":{"line":70,"column":4},"end":{"line":82,"column":1}}},"5":{"name":"(anonymous_6)","decl":{"start":{"line":84,"column":38},"end":{"line":84,"column":43}},"loc":{"start":{"line":88,"column":4},"end":{"line":99,"column":1}}},"6":{"name":"(anonymous_7)","decl":{"start":{"line":101,"column":37},"end":{"line":101,"column":42}},"loc":{"start":{"line":105,"column":4},"end":{"line":112,"column":1}}},"7":{"name":"(anonymous_8)","decl":{"start":{"line":114,"column":28},"end":{"line":114,"column":33}},"loc":{"start":{"line":118,"column":4},"end":{"line":145,"column":1}}}},"branchMap":{"0":{"loc":{"start":{"line":121,"column":2},"end":{"line":124,"column":3}},"type":"if","locations":[{"start":{"line":121,"column":2},"end":{"line":124,"column":3}}]},"1":{"loc":{"start":{"line":128,"column":2},"end":{"line":131,"column":3}},"type":"if","locations":[{"start":{"line":128,"column":2},"end":{"line":131,"column":3}}]},"2":{"loc":{"start":{"line":135,"column":4},"end":{"line":141,"column":5}},"type":"if","locations":[{"start":{"line":135,"column":4},"end":{"line":141,"column":5}}]},"3":{"loc":{"start":{"line":135,"column":8},"end":{"line":135,"column":49}},"type":"binary-expr","locations":[{"start":{"line":135,"column":8},"end":{"line":135,"column":35}},{"start":{"line":135,"column":39},"end":{"line":135,"column":49}}]}},"s":{"0":1,"1":1,"2":1,"3":1,"4":6,"5":6,"6":6,"7":6,"8":1,"9":1,"10":3,"11":3,"12":1,"13":1,"14":12,"15":12,"16":12,"17":1,"18":1,"19":0,"20":0,"21":1,"22":1,"23":0,"24":0,"25":0,"26":1,"27":1,"28":0,"29":0,"30":0,"31":1,"32":1,"33":0,"34":0,"35":1,"36":1,"37":19,"38":19,"39":5,"40":5,"41":14,"42":14,"43":0,"44":0,"45":14,"46":14,"47":13,"48":13,"49":13,"50":1,"51":1},"f":{"0":6,"1":3,"2":12,"3":0,"4":0,"5":0,"6":0,"7":19},"b":{"0":[5],"1":[0],"2":[13],"3":[13,13]}}
,"D:\\aProyectos\\Portafolio\\Proyectos 2024\\cashtracker\\backend\\src\\middleware\\budget.ts": {"path":"D:\\aProyectos\\Portafolio\\Proyectos 2024\\cashtracker\\backend\\src\\middleware\\budget.ts","statementMap":{"0":{"start":{"line":2,"column":0},"end":{"line":2,"column":66}},"1":{"start":{"line":3,"column":0},"end":{"line":3,"column":38}},"2":{"start":{"line":13,"column":32},"end":{"line":34,"column":1}},"3":{"start":{"line":18,"column":2},"end":{"line":25,"column":14}},"4":{"start":{"line":22,"column":23},"end":{"line":22,"column":32}},"5":{"start":{"line":27,"column":15},"end":{"line":27,"column":36}},"6":{"start":{"line":28,"column":2},"end":{"line":31,"column":3}},"7":{"start":{"line":29,"column":4},"end":{"line":29,"column":53}},"8":{"start":{"line":30,"column":4},"end":{"line":30,"column":11}},"9":{"start":{"line":33,"column":2},"end":{"line":33,"column":9}},"10":{"start":{"line":13,"column":13},"end":{"line":13,"column":32}},"11":{"start":{"line":36,"column":35},"end":{"line":52,"column":1}},"12":{"start":{"line":41,"column":2},"end":{"line":41,"column":73}},"13":{"start":{"line":42,"column":2},"end":{"line":49,"column":14}},"14":{"start":{"line":47,"column":23},"end":{"line":47,"column":32}},"15":{"start":{"line":51,"column":2},"end":{"line":51,"column":9}},"16":{"start":{"line":36,"column":13},"end":{"line":36,"column":35}},"17":{"start":{"line":54,"column":35},"end":{"line":76,"column":1}},"18":{"start":{"line":59,"column":23},"end":{"line":59,"column":33}},"19":{"start":{"line":60,"column":2},"end":{"line":75,"column":3}},"20":{"start":{"line":61,"column":19},"end":{"line":61,"column":50}},"21":{"start":{"line":63,"column":4},"end":{"line":66,"column":5}},"22":{"start":{"line":64,"column":6},"end":{"line":64,"column":79}},"23":{"start":{"line":65,"column":6},"end":{"line":65,"column":13}},"24":{"start":{"line":68,"column":4},"end":{"line":68,"column":24}},"25":{"start":{"line":70,"column":4},"end":{"line":70,"column":11}},"26":{"start":{"line":72,"column":4},"end":{"line":74,"column":7}},"27":{"start":{"line":54,"column":13},"end":{"line":54,"column":35}},"28":{"start":{"line":78,"column":25},"end":{"line":88,"column":1}},"29":{"start":{"line":83,"column":2},"end":{"line":86,"column":3}},"30":{"start":{"line":84,"column":4},"end":{"line":84,"column":59}},"31":{"start":{"line":85,"column":4},"end":{"line":85,"column":11}},"32":{"start":{"line":87,"column":2},"end":{"line":87,"column":9}},"33":{"start":{"line":78,"column":13},"end":{"line":78,"column":25}}},"fnMap":{"0":{"name":"(anonymous_1)","decl":{"start":{"line":13,"column":32},"end":{"line":13,"column":37}},"loc":{"start":{"line":17,"column":4},"end":{"line":34,"column":1}}},"1":{"name":"(anonymous_2)","decl":{"start":{"line":22,"column":12},"end":{"line":22,"column":13}},"loc":{"start":{"line":22,"column":23},"end":{"line":22,"column":32}}},"2":{"name":"(anonymous_3)","decl":{"start":{"line":36,"column":35},"end":{"line":36,"column":40}},"loc":{"start":{"line":40,"column":4},"end":{"line":52,"column":1}}},"3":{"name":"(anonymous_4)","decl":{"start":{"line":47,"column":12},"end":{"line":47,"column":13}},"loc":{"start":{"line":47,"column":23},"end":{"line":47,"column":32}}},"4":{"name":"(anonymous_5)","decl":{"start":{"line":54,"column":35},"end":{"line":54,"column":40}},"loc":{"start":{"line":58,"column":4},"end":{"line":76,"column":1}}},"5":{"name":"(anonymous_6)","decl":{"start":{"line":78,"column":25},"end":{"line":78,"column":30}},"loc":{"start":{"line":82,"column":4},"end":{"line":88,"column":1}}}},"branchMap":{"0":{"loc":{"start":{"line":28,"column":2},"end":{"line":31,"column":3}},"type":"if","locations":[{"start":{"line":28,"column":2},"end":{"line":31,"column":3}}]},"1":{"loc":{"start":{"line":63,"column":4},"end":{"line":66,"column":5}},"type":"if","locations":[{"start":{"line":63,"column":4},"end":{"line":66,"column":5}}]},"2":{"loc":{"start":{"line":83,"column":2},"end":{"line":86,"column":3}},"type":"if","locations":[{"start":{"line":83,"column":2},"end":{"line":86,"column":3}}]}},"s":{"0":3,"1":3,"2":3,"3":10,"4":7,"5":10,"6":10,"7":3,"8":3,"9":7,"10":3,"11":3,"12":4,"13":4,"14":4,"15":4,"16":3,"17":3,"18":10,"19":10,"20":10,"21":9,"22":4,"23":4,"24":5,"25":5,"26":1,"27":3,"28":3,"29":7,"30":2,"31":2,"32":5,"33":3},"f":{"0":10,"1":7,"2":4,"3":4,"4":10,"5":7},"b":{"0":[3],"1":[4],"2":[2]}}
,"D:\\aProyectos\\Portafolio\\Proyectos 2024\\cashtracker\\backend\\src\\middleware\\expense.ts": {"path":"D:\\aProyectos\\Portafolio\\Proyectos 2024\\cashtracker\\backend\\src\\middleware\\expense.ts","statementMap":{"0":{"start":{"line":2,"column":0},"end":{"line":2,"column":66}},"1":{"start":{"line":3,"column":0},"end":{"line":3,"column":40}},"2":{"start":{"line":13,"column":36},"end":{"line":32,"column":1}},"3":{"start":{"line":18,"column":2},"end":{"line":21,"column":14}},"4":{"start":{"line":22,"column":2},"end":{"line":29,"column":14}},"5":{"start":{"line":27,"column":23},"end":{"line":27,"column":32}},"6":{"start":{"line":31,"column":2},"end":{"line":31,"column":9}},"7":{"start":{"line":13,"column":13},"end":{"line":13,"column":36}},"8":{"start":{"line":34,"column":33},"end":{"line":52,"column":1}},"9":{"start":{"line":39,"column":2},"end":{"line":43,"column":14}},"10":{"start":{"line":41,"column":23},"end":{"line":41,"column":32}},"11":{"start":{"line":45,"column":15},"end":{"line":45,"column":36}},"12":{"start":{"line":46,"column":2},"end":{"line":49,"column":3}},"13":{"start":{"line":47,"column":4},"end":{"line":47,"column":53}},"14":{"start":{"line":48,"column":4},"end":{"line":48,"column":11}},"15":{"start":{"line":51,"column":2},"end":{"line":51,"column":9}},"16":{"start":{"line":34,"column":13},"end":{"line":34,"column":33}},"17":{"start":{"line":54,"column":37},"end":{"line":76,"column":1}},"18":{"start":{"line":59,"column":24},"end":{"line":59,"column":34}},"19":{"start":{"line":60,"column":2},"end":{"line":75,"column":3}},"20":{"start":{"line":61,"column":20},"end":{"line":61,"column":53}},"21":{"start":{"line":63,"column":4},"end":{"line":66,"column":5}},"22":{"start":{"line":64,"column":6},"end":{"line":64,"column":80}},"23":{"start":{"line":65,"column":6},"end":{"line":65,"column":13}},"24":{"start":{"line":68,"column":4},"end":{"line":68,"column":26}},"25":{"start":{"line":70,"column":4},"end":{"line":70,"column":11}},"26":{"start":{"line":72,"column":4},"end":{"line":74,"column":7}},"27":{"start":{"line":54,"column":13},"end":{"line":54,"column":37}}},"fnMap":{"0":{"name":"(anonymous_1)","decl":{"start":{"line":13,"column":36},"end":{"line":13,"column":41}},"loc":{"start":{"line":17,"column":4},"end":{"line":32,"column":1}}},"1":{"name":"(anonymous_2)","decl":{"start":{"line":27,"column":12},"end":{"line":27,"column":13}},"loc":{"start":{"line":27,"column":23},"end":{"line":27,"column":32}}},"2":{"name":"(anonymous_3)","decl":{"start":{"line":34,"column":33},"end":{"line":34,"column":38}},"loc":{"start":{"line":38,"column":4},"end":{"line":52,"column":1}}},"3":{"name":"(anonymous_4)","decl":{"start":{"line":41,"column":12},"end":{"line":41,"column":13}},"loc":{"start":{"line":41,"column":23},"end":{"line":41,"column":32}}},"4":{"name":"(anonymous_5)","decl":{"start":{"line":54,"column":37},"end":{"line":54,"column":42}},"loc":{"start":{"line":58,"column":4},"end":{"line":76,"column":1}}}},"branchMap":{"0":{"loc":{"start":{"line":46,"column":2},"end":{"line":49,"column":3}},"type":"if","locations":[{"start":{"line":46,"column":2},"end":{"line":49,"column":3}}]},"1":{"loc":{"start":{"line":63,"column":4},"end":{"line":66,"column":5}},"type":"if","locations":[{"start":{"line":63,"column":4},"end":{"line":66,"column":5}}]}},"s":{"0":2,"1":2,"2":2,"3":0,"4":0,"5":0,"6":0,"7":2,"8":2,"9":0,"10":0,"11":0,"12":0,"13":0,"14":0,"15":0,"16":2,"17":2,"18":3,"19":3,"20":3,"21":2,"22":1,"23":1,"24":1,"25":1,"26":1,"27":2},"f":{"0":0,"1":0,"2":0,"3":0,"4":3},"b":{"0":[0],"1":[1]}}
,"D:\\aProyectos\\Portafolio\\Proyectos 2024\\cashtracker\\backend\\src\\middleware\\validation.ts": {"path":"D:\\aProyectos\\Portafolio\\Proyectos 2024\\cashtracker\\backend\\src\\middleware\\validation.ts","statementMap":{"0":{"start":{"line":2,"column":0},"end":{"line":2,"column":53}},"1":{"start":{"line":4,"column":33},"end":{"line":15,"column":1}},"2":{"start":{"line":9,"column":15},"end":{"line":9,"column":36}},"3":{"start":{"line":10,"column":2},"end":{"line":13,"column":3}},"4":{"start":{"line":11,"column":4},"end":{"line":11,"column":53}},"5":{"start":{"line":12,"column":4},"end":{"line":12,"column":11}},"6":{"start":{"line":14,"column":2},"end":{"line":14,"column":9}},"7":{"start":{"line":4,"column":13},"end":{"line":4,"column":33}}},"fnMap":{"0":{"name":"(anonymous_0)","decl":{"start":{"line":4,"column":33},"end":{"line":4,"column":null}},"loc":{"start":{"line":8,"column":10},"end":{"line":15,"column":1}}}},"branchMap":{"0":{"loc":{"start":{"line":10,"column":2},"end":{"line":13,"column":3}},"type":"if","locations":[{"start":{"line":10,"column":2},"end":{"line":13,"column":3}}]}},"s":{"0":1,"1":1,"2":25,"3":25,"4":8,"5":8,"6":17,"7":1},"f":{"0":25},"b":{"0":[8]}}
,"D:\\aProyectos\\Portafolio\\Proyectos 2024\\cashtracker\\backend\\src\\models\\Budget.ts": {"path":"D:\\aProyectos\\Portafolio\\Proyectos 2024\\cashtracker\\backend\\src\\models\\Budget.ts","statementMap":{"0":{"start":{"line":1,"column":0},"end":{"line":1,"column":null}},"1":{"start":{"line":11,"column":0},"end":{"line":11,"column":32}},"2":{"start":{"line":12,"column":0},"end":{"line":12,"column":26}},"3":{"start":{"line":17,"column":0},"end":{"line":41,"column":null}},"4":{"start":{"line":22,"column":10},"end":{"line":22,"column":null}},"5":{"start":{"line":28,"column":10},"end":{"line":28,"column":null}},"6":{"start":{"line":34,"column":10},"end":{"line":34,"column":null}},"7":{"start":{"line":30,"column":17},"end":{"line":30,"column":24}},"8":{"start":{"line":37,"column":10},"end":{"line":37,"column":null}},"9":{"start":{"line":36,"column":20},"end":{"line":36,"column":24}},"10":{"start":{"line":40,"column":10},"end":{"line":40,"column":null}},"11":{"start":{"line":39,"column":19},"end":{"line":39,"column":23}},"12":{"start":{"line":17,"column":6},"end":{"line":41,"column":null}},"13":{"start":{"line":43,"column":0},"end":{"line":43,"column":22}}},"fnMap":{"0":{"name":"(anonymous_3)","decl":{"start":{"line":30,"column":11},"end":{"line":30,"column":14}},"loc":{"start":{"line":30,"column":17},"end":{"line":30,"column":24}}},"1":{"name":"(anonymous_4)","decl":{"start":{"line":36,"column":14},"end":{"line":36,"column":17}},"loc":{"start":{"line":36,"column":20},"end":{"line":36,"column":24}}},"2":{"name":"(anonymous_5)","decl":{"start":{"line":39,"column":13},"end":{"line":39,"column":16}},"loc":{"start":{"line":39,"column":19},"end":{"line":39,"column":23}}}},"branchMap":{},"s":{"0":3,"1":3,"2":3,"3":3,"4":3,"5":3,"6":3,"7":3,"8":3,"9":2,"10":3,"11":3,"12":3,"13":3},"f":{"0":3,"1":2,"2":3},"b":{}}
,"D:\\aProyectos\\Portafolio\\Proyectos 2024\\cashtracker\\backend\\src\\models\\Expense.ts": {"path":"D:\\aProyectos\\Portafolio\\Proyectos 2024\\cashtracker\\backend\\src\\models\\Expense.ts","statementMap":{"0":{"start":{"line":1,"column":0},"end":{"line":1,"column":null}},"1":{"start":{"line":10,"column":0},"end":{"line":10,"column":30}},"2":{"start":{"line":15,"column":0},"end":{"line":33,"column":null}},"3":{"start":{"line":20,"column":10},"end":{"line":20,"column":null}},"4":{"start":{"line":26,"column":10},"end":{"line":26,"column":null}},"5":{"start":{"line":29,"column":10},"end":{"line":29,"column":null}},"6":{"start":{"line":28,"column":20},"end":{"line":28,"column":26}},"7":{"start":{"line":32,"column":10},"end":{"line":32,"column":null}},"8":{"start":{"line":31,"column":19},"end":{"line":31,"column":25}},"9":{"start":{"line":15,"column":6},"end":{"line":33,"column":null}},"10":{"start":{"line":35,"column":0},"end":{"line":35,"column":23}}},"fnMap":{"0":{"name":"(anonymous_3)","decl":{"start":{"line":28,"column":14},"end":{"line":28,"column":17}},"loc":{"start":{"line":28,"column":20},"end":{"line":28,"column":26}}},"1":{"name":"(anonymous_4)","decl":{"start":{"line":31,"column":13},"end":{"line":31,"column":16}},"loc":{"start":{"line":31,"column":19},"end":{"line":31,"column":25}}}},"branchMap":{},"s":{"0":3,"1":3,"2":3,"3":3,"4":3,"5":3,"6":2,"7":3,"8":2,"9":3,"10":3},"f":{"0":2,"1":2},"b":{}}
,"D:\\aProyectos\\Portafolio\\Proyectos 2024\\cashtracker\\backend\\src\\models\\User.ts": {"path":"D:\\aProyectos\\Portafolio\\Proyectos 2024\\cashtracker\\backend\\src\\models\\User.ts","statementMap":{"0":{"start":{"line":1,"column":0},"end":{"line":1,"column":null}},"1":{"start":{"line":11,"column":0},"end":{"line":11,"column":30}},"2":{"start":{"line":16,"column":0},"end":{"line":52,"column":null}},"3":{"start":{"line":21,"column":10},"end":{"line":21,"column":null}},"4":{"start":{"line":27,"column":10},"end":{"line":27,"column":null}},"5":{"start":{"line":34,"column":10},"end":{"line":34,"column":null}},"6":{"start":{"line":39,"column":10},"end":{"line":39,"column":null}},"7":{"start":{"line":45,"column":10},"end":{"line":45,"column":null}},"8":{"start":{"line":51,"column":10},"end":{"line":51,"column":null}},"9":{"start":{"line":47,"column":17},"end":{"line":47,"column":23}},"10":{"start":{"line":16,"column":6},"end":{"line":52,"column":null}},"11":{"start":{"line":54,"column":0},"end":{"line":54,"column":20}}},"fnMap":{"0":{"name":"(anonymous_3)","decl":{"start":{"line":47,"column":11},"end":{"line":47,"column":14}},"loc":{"start":{"line":47,"column":17},"end":{"line":47,"column":23}}}},"branchMap":{},"s":{"0":3,"1":3,"2":3,"3":3,"4":3,"5":3,"6":3,"7":3,"8":3,"9":2,"10":3,"11":3},"f":{"0":2},"b":{}}
,"D:\\aProyectos\\Portafolio\\Proyectos 2024\\cashtracker\\backend\\src\\routes\\authRouter.ts": {"path":"D:\\aProyectos\\Portafolio\\Proyectos 2024\\cashtracker\\backend\\src\\routes\\authRouter.ts","statementMap":{"0":{"start":{"line":1,"column":0},"end":{"line":1,"column":33}},"1":{"start":{"line":2,"column":0},"end":{"line":2,"column":42}},"2":{"start":{"line":3,"column":0},"end":{"line":3,"column":64}},"3":{"start":{"line":4,"column":0},"end":{"line":4,"column":null}},"4":{"start":{"line":14,"column":0},"end":{"line":14,"column":61}},"5":{"start":{"line":16,"column":15},"end":{"line":16,"column":23}},"6":{"start":{"line":18,"column":0},"end":{"line":18,"column":20}},"7":{"start":{"line":20,"column":0},"end":{"line":25,"column":2}},"8":{"start":{"line":27,"column":0},"end":{"line":32,"column":2}},"9":{"start":{"line":34,"column":0},"end":{"line":39,"column":2}},"10":{"start":{"line":41,"column":0},"end":{"line":46,"column":2}},"11":{"start":{"line":48,"column":0},"end":{"line":53,"column":2}},"12":{"start":{"line":55,"column":0},"end":{"line":60,"column":2}},"13":{"start":{"line":62,"column":0},"end":{"line":62,"column":55}},"14":{"start":{"line":64,"column":0},"end":{"line":70,"column":2}},"15":{"start":{"line":72,"column":0},"end":{"line":78,"column":2}},"16":{"start":{"line":80,"column":0},"end":{"line":80,"column":22}}},"fnMap":{},"branchMap":{},"s":{"0":1,"1":1,"2":1,"3":1,"4":1,"5":1,"6":1,"7":1,"8":1,"9":1,"10":1,"11":1,"12":1,"13":1,"14":1,"15":1,"16":1},"f":{},"b":{}}
,"D:\\aProyectos\\Portafolio\\Proyectos 2024\\cashtracker\\backend\\src\\routes\\budgeRouter.ts": {"path":"D:\\aProyectos\\Portafolio\\Proyectos 2024\\cashtracker\\backend\\src\\routes\\budgeRouter.ts","statementMap":{"0":{"start":{"line":1,"column":0},"end":{"line":1,"column":33}},"1":{"start":{"line":2,"column":0},"end":{"line":2,"column":67}},"2":{"start":{"line":3,"column":0},"end":{"line":3,"column":70}},"3":{"start":{"line":4,"column":0},"end":{"line":4,"column":null}},"4":{"start":{"line":10,"column":0},"end":{"line":10,"column":null}},"5":{"start":{"line":15,"column":0},"end":{"line":15,"column":61}},"6":{"start":{"line":16,"column":0},"end":{"line":16,"column":50}},"7":{"start":{"line":18,"column":15},"end":{"line":18,"column":23}},"8":{"start":{"line":20,"column":0},"end":{"line":20,"column":25}},"9":{"start":{"line":24,"column":0},"end":{"line":24,"column":43}},"10":{"start":{"line":25,"column":0},"end":{"line":25,"column":46}},"11":{"start":{"line":26,"column":0},"end":{"line":26,"column":36}},"12":{"start":{"line":28,"column":0},"end":{"line":28,"column":45}},"13":{"start":{"line":29,"column":0},"end":{"line":29,"column":49}},"14":{"start":{"line":31,"column":0},"end":{"line":31,"column":41}},"15":{"start":{"line":33,"column":0},"end":{"line":38,"column":2}},"16":{"start":{"line":40,"column":0},"end":{"line":40,"column":51}},"17":{"start":{"line":42,"column":0},"end":{"line":47,"column":2}},"18":{"start":{"line":49,"column":0},"end":{"line":49,"column":57}},"19":{"start":{"line":53,"column":0},"end":{"line":58,"column":2}},"20":{"start":{"line":60,"column":0},"end":{"line":60,"column":73}},"21":{"start":{"line":62,"column":0},"end":{"line":67,"column":2}},"22":{"start":{"line":69,"column":0},"end":{"line":69,"column":79}},"23":{"start":{"line":71,"column":0},"end":{"line":71,"column":22}}},"fnMap":{},"branchMap":{},"s":{"0":1,"1":1,"2":1,"3":1,"4":1,"5":1,"6":1,"7":1,"8":1,"9":1,"10":1,"11":1,"12":1,"13":1,"14":1,"15":1,"16":1,"17":1,"18":1,"19":1,"20":1,"21":1,"22":1,"23":1},"f":{},"b":{}}
,"D:\\aProyectos\\Portafolio\\Proyectos 2024\\cashtracker\\backend\\src\\test\\mocks\\Budgets.ts": {"path":"D:\\aProyectos\\Portafolio\\Proyectos 2024\\cashtracker\\backend\\src\\test\\mocks\\Budgets.ts","statementMap":{"0":{"start":{"line":1,"column":13},"end":{"line":71,"column":2}}},"fnMap":{},"branchMap":{},"s":{"0":3},"f":{},"b":{}}
,"D:\\aProyectos\\Portafolio\\Proyectos 2024\\cashtracker\\backend\\src\\test\\mocks\\Expense.ts": {"path":"D:\\aProyectos\\Portafolio\\Proyectos 2024\\cashtracker\\backend\\src\\test\\mocks\\Expense.ts","statementMap":{"0":{"start":{"line":1,"column":13},"end":{"line":26,"column":2}}},"fnMap":{},"branchMap":{},"s":{"0":2},"f":{},"b":{}}
,"D:\\aProyectos\\Portafolio\\Proyectos 2024\\cashtracker\\backend\\src\\utils\\auth.ts": {"path":"D:\\aProyectos\\Portafolio\\Proyectos 2024\\cashtracker\\backend\\src\\utils\\auth.ts","statementMap":{"0":{"start":{"line":1,"column":0},"end":{"line":1,"column":28}},"1":{"start":{"line":3,"column":28},"end":{"line":6,"column":1}},"2":{"start":{"line":4,"column":15},"end":{"line":4,"column":39}},"3":{"start":{"line":5,"column":2},"end":{"line":5,"column":43}},"4":{"start":{"line":3,"column":13},"end":{"line":3,"column":28}},"5":{"start":{"line":8,"column":29},"end":{"line":10,"column":1}},"6":{"start":{"line":9,"column":2},"end":{"line":9,"column":46}},"7":{"start":{"line":8,"column":13},"end":{"line":8,"column":29}}},"fnMap":{"0":{"name":"(anonymous_1)","decl":{"start":{"line":3,"column":28},"end":{"line":3,"column":33}},"loc":{"start":{"line":3,"column":55},"end":{"line":6,"column":1}}},"1":{"name":"(anonymous_2)","decl":{"start":{"line":8,"column":29},"end":{"line":8,"column":34}},"loc":{"start":{"line":8,"column":70},"end":{"line":10,"column":1}}}},"branchMap":{},"s":{"0":2,"1":2,"2":1,"3":1,"4":2,"5":2,"6":5,"7":2},"f":{"0":1,"1":5},"b":{}}
,"D:\\aProyectos\\Portafolio\\Proyectos 2024\\cashtracker\\backend\\src\\utils\\jwt.ts": {"path":"D:\\aProyectos\\Portafolio\\Proyectos 2024\\cashtracker\\backend\\src\\utils\\jwt.ts","statementMap":{"0":{"start":{"line":1,"column":0},"end":{"line":1,"column":31}},"1":{"start":{"line":3,"column":27},"end":{"line":9,"column":1}},"2":{"start":{"line":4,"column":16},"end":{"line":6,"column":4}},"3":{"start":{"line":8,"column":2},"end":{"line":8,"column":15}},"4":{"start":{"line":3,"column":13},"end":{"line":3,"column":27}},"5":{"start":{"line":11,"column":25},"end":{"line":15,"column":1}},"6":{"start":{"line":12,"column":18},"end":{"line":12,"column":58}},"7":{"start":{"line":14,"column":2},"end":{"line":14,"column":17}},"8":{"start":{"line":11,"column":13},"end":{"line":11,"column":25}}},"fnMap":{"0":{"name":"(anonymous_1)","decl":{"start":{"line":3,"column":27},"end":{"line":3,"column":28}},"loc":{"start":{"line":3,"column":42},"end":{"line":9,"column":1}}},"1":{"name":"(anonymous_2)","decl":{"start":{"line":11,"column":25},"end":{"line":11,"column":26}},"loc":{"start":{"line":11,"column":43},"end":{"line":15,"column":1}}}},"branchMap":{},"s":{"0":2,"1":2,"2":5,"3":5,"4":2,"5":2,"6":14,"7":13,"8":2},"f":{"0":5,"1":14},"b":{}}
,"D:\\aProyectos\\Portafolio\\Proyectos 2024\\cashtracker\\backend\\src\\utils\\token.ts": {"path":"D:\\aProyectos\\Portafolio\\Proyectos 2024\\cashtracker\\backend\\src\\utils\\token.ts","statementMap":{"0":{"start":{"line":1,"column":29},"end":{"line":2,"column":56}},"1":{"start":{"line":2,"column":2},"end":{"line":2,"column":56}},"2":{"start":{"line":1,"column":13},"end":{"line":1,"column":29}}},"fnMap":{"0":{"name":"(anonymous_0)","decl":{"start":{"line":1,"column":29},"end":{"line":1,"column":32}},"loc":{"start":{"line":2,"column":2},"end":{"line":2,"column":56}}}},"branchMap":{},"s":{"0":2,"1":1,"2":2},"f":{"0":1},"b":{}}
}
