TN:
SF:src\config\nodemailer.ts
FN:5,(anonymous_1)
FNF:1
FNH:1
FNDA:1,(anonymous_1)
DA:1,1
DA:2,1
DA:3,1
DA:5,1
DA:6,1
DA:16,1
LF:6
LH:6
BRF:0
BRH:0
end_of_record
TN:
SF:src\controllers\AuthControllers.ts
FN:9,(anonymous_1)
FN:48,(anonymous_2)
FN:80,(anonymous_3)
FN:123,(anonymous_4)
FN:159,(anonymous_5)
FN:181,(anonymous_6)
FN:208,(anonymous_7)
FN:212,(anonymous_8)
FN:236,(anonymous_9)
FNF:9
FNH:2
FNDA:2,(anonymous_1)
FNDA:0,(anonymous_2)
FNDA:4,(anonymous_3)
FNDA:0,(anonymous_4)
FNDA:0,(anonymous_5)
FNDA:0,(anonymous_6)
FNDA:0,(anonymous_7)
FNDA:0,(anonymous_8)
FNDA:0,(anonymous_9)
DA:2,1
DA:3,1
DA:4,1
DA:5,1
DA:6,1
DA:8,1
DA:9,1
DA:10,2
DA:12,2
DA:18,2
DA:19,1
DA:20,1
DA:23,1
DA:24,1
DA:25,1
DA:26,1
DA:27,1
DA:29,1
DA:35,1
DA:44,0
DA:48,1
DA:49,0
DA:51,0
DA:52,0
DA:58,0
DA:59,0
DA:60,0
DA:63,0
DA:64,0
DA:65,0
DA:67,0
DA:76,0
DA:80,1
DA:81,4
DA:83,4
DA:84,4
DA:90,4
DA:91,1
DA:92,1
DA:95,3
DA:96,1
DA:97,1
DA:100,2
DA:102,2
DA:103,1
DA:104,1
DA:107,1
DA:109,1
DA:119,0
DA:123,1
DA:124,0
DA:126,0
DA:127,0
DA:133,0
DA:134,0
DA:135,0
DA:138,0
DA:139,0
DA:141,0
DA:147,0
DA:155,0
DA:159,1
DA:160,0
DA:161,0
DA:162,0
DA:168,0
DA:169,0
DA:170,0
DA:173,0
DA:177,0
DA:181,1
DA:182,0
DA:183,0
DA:184,0
DA:185,0
DA:191,0
DA:192,0
DA:193,0
DA:196,0
DA:197,0
DA:198,0
DA:200,0
DA:204,0
DA:208,1
DA:209,0
DA:212,1
DA:213,0
DA:214,0
DA:216,0
DA:218,0
DA:223,0
DA:224,0
DA:225,0
DA:228,0
DA:229,0
DA:231,0
DA:236,1
DA:237,0
DA:238,0
DA:240,0
DA:242,0
DA:244,0
DA:245,0
DA:246,0
DA:249,0
LF:105
LH:42
BRDA:18,0,0,1
BRDA:58,1,0,0
BRDA:90,2,0,1
BRDA:95,3,0,1
BRDA:102,4,0,1
BRDA:133,5,0,0
BRDA:168,6,0,0
BRDA:191,7,0,0
BRDA:223,8,0,0
BRDA:244,9,0,0
BRF:10
BRH:4
end_of_record
TN:
SF:src\controllers\BudgetController.ts
FN:6,(anonymous_1)
FN:21,(anonymous_2)
FN:35,(anonymous_3)
FN:44,(anonymous_4)
FN:52,(anonymous_5)
FNF:5
FNH:5
FNDA:4,(anonymous_1)
FNDA:2,(anonymous_2)
FNDA:3,(anonymous_3)
FNDA:1,(anonymous_4)
FNDA:1,(anonymous_5)
DA:2,1
DA:3,1
DA:5,1
DA:6,1
DA:7,4
DA:8,4
DA:14,3
DA:17,1
DA:21,1
DA:22,2
DA:23,2
DA:24,1
DA:25,1
DA:26,1
DA:31,1
DA:35,1
DA:36,3
DA:40,3
DA:41,3
DA:44,1
DA:45,1
DA:46,1
DA:52,1
DA:53,1
DA:54,1
LF:25
LH:25
BRF:0
BRH:0
end_of_record
TN:
SF:src\controllers\ExpenseController.ts
FN:5,(anonymous_1)
FN:19,(anonymous_2)
FN:26,(anonymous_3)
FN:34,(anonymous_4)
FNF:4
FNH:4
FNDA:2,(anonymous_1)
FNDA:1,(anonymous_2)
FNDA:1,(anonymous_3)
FNDA:1,(anonymous_4)
DA:2,1
DA:4,1
DA:5,1
DA:6,2
DA:7,2
DA:8,1
DA:9,1
DA:10,1
DA:15,1
DA:19,1
DA:20,1
DA:26,1
DA:27,1
DA:28,1
DA:34,1
DA:35,1
DA:36,1
LF:17
LH:17
BRF:0
BRH:0
end_of_record
TN:
SF:src\email\AuthEmail.ts
FN:10,(anonymous_0)
FN:26,(anonymous_1)
FNF:2
FNH:0
FNDA:0,(anonymous_0)
FNDA:0,(anonymous_1)
DA:1,1
DA:9,1
DA:10,1
DA:11,0
DA:23,0
DA:26,1
DA:27,0
DA:39,0
LF:8
LH:4
BRF:0
BRH:0
end_of_record
TN:
SF:src\middleware\budget.ts
FN:13,(anonymous_1)
FN:21,(anonymous_2)
FN:34,(anonymous_3)
FN:45,(anonymous_4)
FN:52,(anonymous_5)
FN:76,(anonymous_6)
FNF:6
FNH:2
FNDA:0,(anonymous_1)
FNDA:0,(anonymous_2)
FNDA:0,(anonymous_3)
FNDA:0,(anonymous_4)
FNDA:3,(anonymous_5)
FNDA:3,(anonymous_6)
DA:2,2
DA:3,2
DA:13,2
DA:18,0
DA:21,0
DA:25,0
DA:26,0
DA:27,0
DA:28,0
DA:31,0
DA:34,2
DA:39,0
DA:40,0
DA:45,0
DA:49,0
DA:52,2
DA:57,3
DA:58,3
DA:59,3
DA:61,2
DA:62,1
DA:63,1
DA:66,1
DA:68,1
DA:70,1
DA:76,2
DA:81,3
DA:82,2
DA:83,2
DA:85,1
LF:30
LH:19
BRDA:26,0,0,0
BRDA:61,1,0,1
BRDA:81,2,0,2
BRF:3
BRH:2
end_of_record
TN:
SF:src\middleware\expense.ts
FN:13,(anonymous_1)
FN:27,(anonymous_2)
FN:34,(anonymous_3)
FN:41,(anonymous_4)
FN:54,(anonymous_5)
FNF:5
FNH:1
FNDA:0,(anonymous_1)
FNDA:0,(anonymous_2)
FNDA:0,(anonymous_3)
FNDA:0,(anonymous_4)
FNDA:3,(anonymous_5)
DA:2,1
DA:3,1
DA:13,1
DA:18,0
DA:22,0
DA:27,0
DA:31,0
DA:34,1
DA:39,0
DA:41,0
DA:45,0
DA:46,0
DA:47,0
DA:48,0
DA:51,0
DA:54,1
DA:59,3
DA:60,3
DA:61,3
DA:63,2
DA:64,1
DA:65,1
DA:68,1
DA:70,1
DA:72,1
LF:25
LH:14
BRDA:46,0,0,0
BRDA:63,1,0,1
BRF:2
BRH:1
end_of_record
TN:
SF:src\models\Budget.ts
FN:30,(anonymous_3)
FN:36,(anonymous_4)
FN:39,(anonymous_5)
FNF:3
FNH:0
FNDA:0,(anonymous_3)
FNDA:0,(anonymous_4)
FNDA:0,(anonymous_5)
DA:1,2
DA:11,2
DA:12,2
DA:17,2
DA:22,2
DA:28,2
DA:30,0
DA:34,2
DA:36,0
DA:37,2
DA:39,0
DA:40,2
DA:43,2
LF:13
LH:10
BRF:0
BRH:0
end_of_record
TN:
SF:src\models\Expense.ts
FN:28,(anonymous_3)
FN:31,(anonymous_4)
FNF:2
FNH:0
FNDA:0,(anonymous_3)
FNDA:0,(anonymous_4)
DA:1,2
DA:10,2
DA:15,2
DA:20,2
DA:26,2
DA:28,0
DA:29,2
DA:31,0
DA:32,2
DA:35,2
LF:10
LH:8
BRF:0
BRH:0
end_of_record
TN:
SF:src\models\User.ts
FN:47,(anonymous_3)
FNF:1
FNH:0
FNDA:0,(anonymous_3)
DA:1,2
DA:11,2
DA:16,2
DA:21,2
DA:27,2
DA:34,2
DA:39,2
DA:45,2
DA:47,0
DA:51,2
DA:54,2
LF:11
LH:10
BRF:0
BRH:0
end_of_record
TN:
SF:src\test\mocks\Budgets.ts
FNF:0
FNH:0
DA:1,3
LF:1
LH:1
BRF:0
BRH:0
end_of_record
TN:
SF:src\test\mocks\Expense.ts
FNF:0
FNH:0
DA:1,2
LF:1
LH:1
BRF:0
BRH:0
end_of_record
TN:
SF:src\utils\auth.ts
FN:3,(anonymous_1)
FN:8,(anonymous_2)
FNF:2
FNH:0
FNDA:0,(anonymous_1)
FNDA:0,(anonymous_2)
DA:1,1
DA:3,1
DA:4,0
DA:5,0
DA:8,1
DA:9,0
LF:6
LH:3
BRF:0
BRH:0
end_of_record
TN:
SF:src\utils\jwt.ts
FN:3,(anonymous_1)
FN:11,(anonymous_2)
FNF:2
FNH:0
FNDA:0,(anonymous_1)
FNDA:0,(anonymous_2)
DA:1,1
DA:3,1
DA:4,0
DA:8,0
DA:11,1
DA:12,0
DA:14,0
LF:7
LH:3
BRF:0
BRH:0
end_of_record
TN:
SF:src\utils\token.ts
FN:1,(anonymous_0)
FNF:1
FNH:0
FNDA:0,(anonymous_0)
DA:1,1
DA:2,0
LF:2
LH:1
BRF:0
BRH:0
end_of_record
