TN:
SF:src\server.ts
FN:8,connectDB
FNF:1
FNH:1
FNDA:1,connectDB
DA:1,1
DA:3,1
DA:4,1
DA:5,1
DA:6,1
DA:8,1
DA:9,1
DA:10,1
DA:11,1
DA:18,1
DA:20,1
DA:22,1
DA:24,1
DA:26,1
DA:27,1
DA:29,1
LF:16
LH:16
BRF:0
BRH:0
end_of_record
TN:
SF:src\config\db.ts
FNF:0
FNH:0
DA:1,1
DA:2,1
DA:3,1
DA:5,1
LF:4
LH:4
BRF:0
BRH:0
end_of_record
TN:
SF:src\config\limit.ts
FNF:0
FNH:0
DA:1,1
DA:3,1
LF:2
LH:2
BRDA:5,0,0,0
BRDA:5,0,1,1
BRF:2
BRH:1
end_of_record
TN:
SF:src\config\nodemailer.ts
FN:5,(anonymous_1)
FNF:1
FNH:1
FNDA:2,(anonymous_1)
DA:1,2
DA:2,2
DA:3,2
DA:5,2
DA:6,2
DA:16,2
LF:6
LH:6
BRF:0
BRH:0
end_of_record
TN:
SF:src\controllers\AuthControllers.ts
FN:9,(anonymous_1)
FN:54,(anonymous_2)
FN:86,(anonymous_3)
FN:129,(anonymous_4)
FN:165,(anonymous_5)
FN:187,(anonymous_6)
FN:214,(anonymous_7)
FN:218,(anonymous_8)
FN:242,(anonymous_9)
FNF:9
FNH:3
FNDA:5,(anonymous_1)
FNDA:2,(anonymous_2)
FNDA:14,(anonymous_3)
FNDA:0,(anonymous_4)
FNDA:0,(anonymous_5)
FNDA:0,(anonymous_6)
FNDA:0,(anonymous_7)
FNDA:0,(anonymous_8)
FNDA:0,(anonymous_9)
DA:2,2
DA:3,2
DA:4,2
DA:5,2
DA:6,2
DA:8,2
DA:9,2
DA:10,5
DA:12,5
DA:18,5
DA:19,3
DA:20,3
DA:23,2
DA:24,2
DA:25,2
DA:26,2
DA:28,2
DA:29,2
DA:32,2
DA:33,2
DA:35,2
DA:41,2
DA:50,0
DA:54,2
DA:55,2
DA:57,2
DA:58,2
DA:64,2
DA:65,1
DA:66,1
DA:69,1
DA:70,1
DA:71,1
DA:73,1
DA:82,0
DA:86,2
DA:87,14
DA:89,14
DA:90,14
DA:96,14
DA:97,2
DA:98,2
DA:101,12
DA:102,3
DA:103,3
DA:106,9
DA:108,9
DA:109,2
DA:110,2
DA:113,7
DA:115,7
DA:125,0
DA:129,2
DA:130,0
DA:132,0
DA:133,0
DA:139,0
DA:140,0
DA:141,0
DA:144,0
DA:145,0
DA:147,0
DA:153,0
DA:161,0
DA:165,2
DA:166,0
DA:167,0
DA:168,0
DA:174,0
DA:175,0
DA:176,0
DA:179,0
DA:183,0
DA:187,2
DA:188,0
DA:189,0
DA:190,0
DA:191,0
DA:197,0
DA:198,0
DA:199,0
DA:202,0
DA:203,0
DA:204,0
DA:206,0
DA:210,0
DA:214,2
DA:215,0
DA:218,2
DA:219,0
DA:220,0
DA:222,0
DA:224,0
DA:229,0
DA:230,0
DA:231,0
DA:234,0
DA:235,0
DA:237,0
DA:242,2
DA:243,0
DA:244,0
DA:246,0
DA:248,0
DA:250,0
DA:251,0
DA:252,0
DA:255,0
LF:108
LH:55
BRDA:18,0,0,3
BRDA:28,1,0,2
BRDA:64,2,0,1
BRDA:96,3,0,2
BRDA:101,4,0,3
BRDA:108,5,0,2
BRDA:139,6,0,0
BRDA:174,7,0,0
BRDA:197,8,0,0
BRDA:229,9,0,0
BRDA:250,10,0,0
BRF:11
BRH:6
end_of_record
TN:
SF:src\controllers\BudgetController.ts
FN:6,(anonymous_1)
FN:21,(anonymous_2)
FN:35,(anonymous_3)
FN:44,(anonymous_4)
FN:52,(anonymous_5)
FNF:5
FNH:5
FNDA:5,(anonymous_1)
FNDA:3,(anonymous_2)
FNDA:4,(anonymous_3)
FNDA:2,(anonymous_4)
FNDA:2,(anonymous_5)
DA:2,2
DA:3,2
DA:5,2
DA:6,2
DA:7,5
DA:8,5
DA:14,4
DA:17,1
DA:21,2
DA:22,3
DA:23,3
DA:24,2
DA:25,2
DA:26,2
DA:31,1
DA:35,2
DA:36,4
DA:40,4
DA:41,4
DA:44,2
DA:45,2
DA:46,2
DA:52,2
DA:53,2
DA:54,2
LF:25
LH:25
BRF:0
BRH:0
end_of_record
TN:
SF:src\controllers\ExpenseController.ts
FN:5,(anonymous_1)
FN:19,(anonymous_2)
FN:26,(anonymous_3)
FN:34,(anonymous_4)
FNF:4
FNH:4
FNDA:2,(anonymous_1)
FNDA:1,(anonymous_2)
FNDA:1,(anonymous_3)
FNDA:1,(anonymous_4)
DA:2,2
DA:4,2
DA:5,2
DA:6,2
DA:7,2
DA:8,1
DA:9,1
DA:10,1
DA:15,1
DA:19,2
DA:20,1
DA:26,2
DA:27,1
DA:28,1
DA:34,2
DA:35,1
DA:36,1
LF:17
LH:17
BRF:0
BRH:0
end_of_record
TN:
SF:src\email\AuthEmail.ts
FN:10,(anonymous_0)
FN:26,(anonymous_1)
FNF:2
FNH:1
FNDA:1,(anonymous_0)
FNDA:0,(anonymous_1)
DA:1,2
DA:9,2
DA:10,2
DA:11,1
DA:26,2
DA:27,0
DA:39,0
LF:7
LH:5
BRF:0
BRH:0
end_of_record
TN:
SF:src\middleware\auth.ts
FN:14,(anonymous_1)
FN:29,(anonymous_2)
FN:42,(anonymous_3)
FN:56,(anonymous_4)
FN:66,(anonymous_5)
FN:84,(anonymous_6)
FN:101,(anonymous_7)
FN:114,(anonymous_8)
FNF:8
FNH:4
FNDA:6,(anonymous_1)
FNDA:3,(anonymous_2)
FNDA:12,(anonymous_3)
FNDA:0,(anonymous_4)
FNDA:0,(anonymous_5)
FNDA:0,(anonymous_6)
FNDA:0,(anonymous_7)
FNDA:19,(anonymous_8)
DA:2,1
DA:3,1
DA:4,1
DA:14,1
DA:19,6
DA:20,6
DA:21,6
DA:26,6
DA:29,1
DA:34,3
DA:39,3
DA:42,1
DA:47,12
DA:48,12
DA:53,12
DA:56,1
DA:61,0
DA:63,0
DA:66,1
DA:71,0
DA:76,0
DA:81,0
DA:84,1
DA:89,0
DA:93,0
DA:98,0
DA:101,1
DA:106,0
DA:111,0
DA:114,1
DA:119,19
DA:121,19
DA:122,5
DA:123,5
DA:126,14
DA:128,14
DA:129,0
DA:130,0
DA:133,14
DA:134,14
DA:135,13
DA:136,13
DA:140,13
DA:143,1
LF:44
LH:32
BRDA:121,0,0,5
BRDA:128,1,0,0
BRDA:135,2,0,13
BRDA:135,3,0,13
BRDA:135,3,1,13
BRF:5
BRH:4
end_of_record
TN:
SF:src\middleware\budget.ts
FN:13,(anonymous_1)
FN:22,(anonymous_2)
FN:36,(anonymous_3)
FN:47,(anonymous_4)
FN:54,(anonymous_5)
FN:78,(anonymous_6)
FNF:6
FNH:6
FNDA:10,(anonymous_1)
FNDA:7,(anonymous_2)
FNDA:4,(anonymous_3)
FNDA:4,(anonymous_4)
FNDA:10,(anonymous_5)
FNDA:7,(anonymous_6)
DA:2,3
DA:3,3
DA:13,3
DA:18,10
DA:22,7
DA:27,10
DA:28,10
DA:29,3
DA:30,3
DA:33,7
DA:36,3
DA:41,4
DA:42,4
DA:47,4
DA:51,4
DA:54,3
DA:59,10
DA:60,10
DA:61,10
DA:63,9
DA:64,4
DA:65,4
DA:68,5
DA:70,5
DA:72,1
DA:78,3
DA:83,7
DA:84,2
DA:85,2
DA:87,5
LF:30
LH:30
BRDA:28,0,0,3
BRDA:63,1,0,4
BRDA:83,2,0,2
BRF:3
BRH:3
end_of_record
TN:
SF:src\middleware\expense.ts
FN:13,(anonymous_1)
FN:27,(anonymous_2)
FN:34,(anonymous_3)
FN:41,(anonymous_4)
FN:54,(anonymous_5)
FNF:5
FNH:1
FNDA:0,(anonymous_1)
FNDA:0,(anonymous_2)
FNDA:0,(anonymous_3)
FNDA:0,(anonymous_4)
FNDA:3,(anonymous_5)
DA:2,2
DA:3,2
DA:13,2
DA:18,0
DA:22,0
DA:27,0
DA:31,0
DA:34,2
DA:39,0
DA:41,0
DA:45,0
DA:46,0
DA:47,0
DA:48,0
DA:51,0
DA:54,2
DA:59,3
DA:60,3
DA:61,3
DA:63,2
DA:64,1
DA:65,1
DA:68,1
DA:70,1
DA:72,1
LF:25
LH:14
BRDA:46,0,0,0
BRDA:63,1,0,1
BRF:2
BRH:1
end_of_record
TN:
SF:src\middleware\validation.ts
FN:4,(anonymous_0)
FNF:1
FNH:1
FNDA:25,(anonymous_0)
DA:2,1
DA:4,1
DA:9,25
DA:10,25
DA:11,8
DA:12,8
DA:14,17
LF:7
LH:7
BRDA:10,0,0,8
BRF:1
BRH:1
end_of_record
TN:
SF:src\models\Budget.ts
FN:30,(anonymous_3)
FN:36,(anonymous_4)
FN:39,(anonymous_5)
FNF:3
FNH:3
FNDA:3,(anonymous_3)
FNDA:2,(anonymous_4)
FNDA:3,(anonymous_5)
DA:1,3
DA:11,3
DA:12,3
DA:17,3
DA:22,3
DA:28,3
DA:30,3
DA:34,3
DA:36,2
DA:37,3
DA:39,3
DA:40,3
DA:43,3
LF:13
LH:13
BRF:0
BRH:0
end_of_record
TN:
SF:src\models\Expense.ts
FN:28,(anonymous_3)
FN:31,(anonymous_4)
FNF:2
FNH:2
FNDA:2,(anonymous_3)
FNDA:2,(anonymous_4)
DA:1,3
DA:10,3
DA:15,3
DA:20,3
DA:26,3
DA:28,2
DA:29,3
DA:31,2
DA:32,3
DA:35,3
LF:10
LH:10
BRF:0
BRH:0
end_of_record
TN:
SF:src\models\User.ts
FN:47,(anonymous_3)
FNF:1
FNH:1
FNDA:2,(anonymous_3)
DA:1,3
DA:11,3
DA:16,3
DA:21,3
DA:27,3
DA:34,3
DA:39,3
DA:45,3
DA:47,2
DA:51,3
DA:54,3
LF:11
LH:11
BRF:0
BRH:0
end_of_record
TN:
SF:src\routes\authRouter.ts
FNF:0
FNH:0
DA:1,1
DA:2,1
DA:3,1
DA:4,1
DA:14,1
DA:16,1
DA:18,1
DA:20,1
DA:27,1
DA:34,1
DA:41,1
DA:48,1
DA:55,1
DA:62,1
DA:64,1
DA:72,1
DA:80,1
LF:17
LH:17
BRF:0
BRH:0
end_of_record
TN:
SF:src\routes\budgeRouter.ts
FNF:0
FNH:0
DA:1,1
DA:2,1
DA:3,1
DA:4,1
DA:10,1
DA:15,1
DA:16,1
DA:18,1
DA:20,1
DA:24,1
DA:25,1
DA:26,1
DA:28,1
DA:29,1
DA:31,1
DA:33,1
DA:40,1
DA:42,1
DA:49,1
DA:53,1
DA:60,1
DA:62,1
DA:69,1
DA:71,1
LF:24
LH:24
BRF:0
BRH:0
end_of_record
TN:
SF:src\test\mocks\Budgets.ts
FNF:0
FNH:0
DA:1,3
LF:1
LH:1
BRF:0
BRH:0
end_of_record
TN:
SF:src\test\mocks\Expense.ts
FNF:0
FNH:0
DA:1,2
LF:1
LH:1
BRF:0
BRH:0
end_of_record
TN:
SF:src\utils\auth.ts
FN:3,(anonymous_1)
FN:8,(anonymous_2)
FNF:2
FNH:2
FNDA:1,(anonymous_1)
FNDA:5,(anonymous_2)
DA:1,2
DA:3,2
DA:4,1
DA:5,1
DA:8,2
DA:9,5
LF:6
LH:6
BRF:0
BRH:0
end_of_record
TN:
SF:src\utils\jwt.ts
FN:3,(anonymous_1)
FN:11,(anonymous_2)
FNF:2
FNH:2
FNDA:5,(anonymous_1)
FNDA:14,(anonymous_2)
DA:1,2
DA:3,2
DA:4,5
DA:8,5
DA:11,2
DA:12,14
DA:14,13
LF:7
LH:7
BRF:0
BRH:0
end_of_record
TN:
SF:src\utils\token.ts
FN:1,(anonymous_0)
FNF:1
FNH:1
FNDA:1,(anonymous_0)
DA:1,2
DA:2,1
LF:2
LH:2
BRF:0
BRH:0
end_of_record
